TimeQuest Timing Analyzer report for part4
Mon Feb 09 20:52:52 2015
Quartus II 64-Bit Version 13.0.1 Build 232 06/12/2013 Service Pack 1 SJ Web Edition


---------------------
; Table of Contents ;
---------------------
  1. Legal Notice
  2. TimeQuest Timing Analyzer Summary
  3. Parallel Compilation
  4. Clocks
  5. Slow 1200mV 85C Model Fmax Summary
  6. Timing Closure Recommendations
  7. Slow 1200mV 85C Model Setup Summary
  8. Slow 1200mV 85C Model Hold Summary
  9. Slow 1200mV 85C Model Recovery Summary
 10. Slow 1200mV 85C Model Removal Summary
 11. Slow 1200mV 85C Model Minimum Pulse Width Summary
 12. Propagation Delay
 13. Minimum Propagation Delay
 14. Slow 1200mV 85C Model Metastability Report
 15. Slow 1200mV 0C Model Fmax Summary
 16. Slow 1200mV 0C Model Setup Summary
 17. Slow 1200mV 0C Model Hold Summary
 18. Slow 1200mV 0C Model Recovery Summary
 19. Slow 1200mV 0C Model Removal Summary
 20. Slow 1200mV 0C Model Minimum Pulse Width Summary
 21. Propagation Delay
 22. Minimum Propagation Delay
 23. Slow 1200mV 0C Model Metastability Report
 24. Fast 1200mV 0C Model Setup Summary
 25. Fast 1200mV 0C Model Hold Summary
 26. Fast 1200mV 0C Model Recovery Summary
 27. Fast 1200mV 0C Model Removal Summary
 28. Fast 1200mV 0C Model Minimum Pulse Width Summary
 29. Propagation Delay
 30. Minimum Propagation Delay
 31. Fast 1200mV 0C Model Metastability Report
 32. Multicorner Timing Analysis Summary
 33. Progagation Delay
 34. Minimum Progagation Delay
 35. Board Trace Model Assignments
 36. Input Transition Times
 37. Slow Corner Signal Integrity Metrics
 38. Fast Corner Signal Integrity Metrics
 39. Clock Transfers
 40. Report TCCS
 41. Report RSKM
 42. Unconstrained Paths
 43. TimeQuest Timing Analyzer Messages



----------------
; Legal Notice ;
----------------
Copyright (C) 1991-2013 Altera Corporation
Your use of Altera Corporation's design tools, logic functions 
and other software and tools, and its AMPP partner logic 
functions, and any output files from any of the foregoing 
(including device programming or simulation files), and any 
associated documentation or information are expressly subject 
to the terms and conditions of the Altera Program License 
Subscription Agreement, Altera MegaCore Function License 
Agreement, or other applicable license agreement, including, 
without limitation, that your use is for the sole purpose of 
programming logic devices manufactured by Altera and sold by 
Altera or its authorized distributors.  Please refer to the 
applicable agreement for further details.



+----------------------------------------------------------------------------------------+
; TimeQuest Timing Analyzer Summary                                                      ;
+--------------------+-------------------------------------------------------------------+
; Quartus II Version ; Version 13.0.1 Build 232 06/12/2013 Service Pack 1 SJ Web Edition ;
; Revision Name      ; part4                                                             ;
; Device Family      ; Cyclone III                                                       ;
; Device Name        ; EP3C16F484C6                                                      ;
; Timing Models      ; Final                                                             ;
; Delay Model        ; Combined                                                          ;
; Rise/Fall Delays   ; Enabled                                                           ;
+--------------------+-------------------------------------------------------------------+


Parallel compilation was disabled, but you have multiple processors available. Enable parallel compilation to reduce compilation time.
+-------------------------------------+
; Parallel Compilation                ;
+----------------------------+--------+
; Processors                 ; Number ;
+----------------------------+--------+
; Number detected on machine ; 4      ;
; Maximum allowed            ; 1      ;
+----------------------------+--------+


----------
; Clocks ;
----------
No clocks to report.


--------------------------------------
; Slow 1200mV 85C Model Fmax Summary ;
--------------------------------------
No paths to report.


----------------------------------
; Timing Closure Recommendations ;
----------------------------------
HTML report is unavailable in plain text report export.


---------------------------------------
; Slow 1200mV 85C Model Setup Summary ;
---------------------------------------
No paths to report.


--------------------------------------
; Slow 1200mV 85C Model Hold Summary ;
--------------------------------------
No paths to report.


------------------------------------------
; Slow 1200mV 85C Model Recovery Summary ;
------------------------------------------
No paths to report.


-----------------------------------------
; Slow 1200mV 85C Model Removal Summary ;
-----------------------------------------
No paths to report.


-----------------------------------------------------
; Slow 1200mV 85C Model Minimum Pulse Width Summary ;
-----------------------------------------------------
No paths to report.


+--------------------------------------------------------------+
; Propagation Delay                                            ;
+------------+-------------+--------+--------+--------+--------+
; Input Port ; Output Port ; RR     ; RF     ; FR     ; FF     ;
+------------+-------------+--------+--------+--------+--------+
; SW[0]      ; HEX0[0]     ; 10.158 ; 10.054 ; 10.669 ; 10.598 ;
; SW[0]      ; HEX0[1]     ; 10.807 ; 10.775 ; 11.318 ; 11.319 ;
; SW[0]      ; HEX0[2]     ; 11.200 ; 11.118 ; 11.711 ; 11.662 ;
; SW[0]      ; HEX0[3]     ; 10.533 ; 10.459 ; 11.044 ; 10.970 ;
; SW[0]      ; HEX0[4]     ; 10.538 ; 10.377 ; 11.049 ; 10.919 ;
; SW[0]      ; HEX0[5]     ; 10.483 ; 10.467 ; 11.027 ; 10.978 ;
; SW[0]      ; HEX0[6]     ; 10.439 ; 10.371 ; 10.950 ; 10.882 ;
; SW[0]      ; HEX1[0]     ; 8.852  ; 8.807  ; 9.396  ; 9.351  ;
; SW[0]      ; HEX1[3]     ; 8.852  ; 8.804  ; 9.396  ; 9.348  ;
; SW[0]      ; HEX1[4]     ; 8.852  ; 8.804  ; 9.396  ; 9.348  ;
; SW[0]      ; HEX1[5]     ; 8.918  ; 8.883  ; 9.462  ; 9.427  ;
; SW[1]      ; HEX0[0]     ; 10.079 ; 9.975  ; 10.555 ; 10.484 ;
; SW[1]      ; HEX0[1]     ; 10.728 ; 10.696 ; 11.204 ; 11.205 ;
; SW[1]      ; HEX0[2]     ; 11.121 ; 11.039 ; 11.597 ; 11.548 ;
; SW[1]      ; HEX0[3]     ; 10.454 ; 10.380 ; 10.930 ; 10.856 ;
; SW[1]      ; HEX0[4]     ; 10.459 ; 10.298 ; 10.935 ; 10.805 ;
; SW[1]      ; HEX0[5]     ; 10.404 ; 10.388 ; 10.913 ; 10.864 ;
; SW[1]      ; HEX0[6]     ; 10.360 ; 10.292 ; 10.836 ; 10.768 ;
; SW[1]      ; HEX1[0]     ; 8.773  ; 8.728  ; 9.282  ; 9.237  ;
; SW[1]      ; HEX1[3]     ; 8.773  ; 8.725  ; 9.282  ; 9.234  ;
; SW[1]      ; HEX1[4]     ; 8.773  ; 8.725  ; 9.282  ; 9.234  ;
; SW[1]      ; HEX1[5]     ; 8.839  ; 8.804  ; 9.348  ; 9.313  ;
; SW[2]      ; HEX0[0]     ; 9.805  ; 9.701  ; 10.311 ; 10.240 ;
; SW[2]      ; HEX0[1]     ; 10.454 ; 10.422 ; 10.960 ; 10.961 ;
; SW[2]      ; HEX0[2]     ; 10.847 ; 10.765 ; 11.353 ; 11.304 ;
; SW[2]      ; HEX0[3]     ; 10.180 ; 10.106 ; 10.686 ; 10.612 ;
; SW[2]      ; HEX0[4]     ; 10.185 ; 10.024 ; 10.691 ; 10.561 ;
; SW[2]      ; HEX0[5]     ; 10.130 ; 10.114 ; 10.669 ; 10.620 ;
; SW[2]      ; HEX0[6]     ; 10.086 ; 10.018 ; 10.592 ; 10.524 ;
; SW[2]      ; HEX1[0]     ; 8.499  ; 8.454  ; 9.038  ; 8.993  ;
; SW[2]      ; HEX1[3]     ; 8.499  ; 8.451  ; 9.038  ; 8.990  ;
; SW[2]      ; HEX1[4]     ; 8.499  ; 8.451  ; 9.038  ; 8.990  ;
; SW[2]      ; HEX1[5]     ; 8.565  ; 8.530  ; 9.104  ; 9.069  ;
; SW[3]      ; HEX0[0]     ; 9.298  ; 9.192  ; 9.736  ; 9.611  ;
; SW[3]      ; HEX0[1]     ; 9.947  ; 9.913  ; 10.385 ; 10.346 ;
; SW[3]      ; HEX0[2]     ; 10.340 ; 10.256 ; 10.778 ; 10.689 ;
; SW[3]      ; HEX0[3]     ; 9.673  ; 9.599  ; 10.111 ; 10.037 ;
; SW[3]      ; HEX0[4]     ; 9.678  ; 9.517  ; 10.116 ; 9.955  ;
; SW[3]      ; HEX0[5]     ; 9.621  ; 9.607  ; 10.037 ; 10.045 ;
; SW[3]      ; HEX0[6]     ; 9.579  ; 9.511  ; 10.017 ; 9.949  ;
; SW[3]      ; HEX1[0]     ; 7.990  ; 7.945  ; 8.406  ; 8.364  ;
; SW[3]      ; HEX1[3]     ; 7.990  ; 7.942  ; 8.406  ; 8.361  ;
; SW[3]      ; HEX1[4]     ; 7.990  ; 7.942  ; 8.406  ; 8.361  ;
; SW[3]      ; HEX1[5]     ; 8.056  ; 8.021  ; 8.472  ; 8.440  ;
; SW[4]      ; HEX0[0]     ; 9.798  ; 9.694  ; 10.235 ; 10.164 ;
; SW[4]      ; HEX0[1]     ; 10.447 ; 10.415 ; 10.884 ; 10.885 ;
; SW[4]      ; HEX0[2]     ; 10.840 ; 10.758 ; 11.277 ; 11.228 ;
; SW[4]      ; HEX0[3]     ; 10.173 ; 10.099 ; 10.610 ; 10.536 ;
; SW[4]      ; HEX0[4]     ; 10.178 ; 10.017 ; 10.615 ; 10.485 ;
; SW[4]      ; HEX0[5]     ; 10.123 ; 10.107 ; 10.593 ; 10.544 ;
; SW[4]      ; HEX0[6]     ; 10.079 ; 10.011 ; 10.516 ; 10.448 ;
; SW[4]      ; HEX1[0]     ; 8.492  ; 8.447  ; 8.962  ; 8.917  ;
; SW[4]      ; HEX1[3]     ; 8.492  ; 8.444  ; 8.962  ; 8.914  ;
; SW[4]      ; HEX1[4]     ; 8.492  ; 8.444  ; 8.962  ; 8.914  ;
; SW[4]      ; HEX1[5]     ; 8.558  ; 8.523  ; 9.028  ; 8.993  ;
; SW[5]      ; HEX0[0]     ; 10.297 ; 10.193 ; 10.790 ; 10.719 ;
; SW[5]      ; HEX0[1]     ; 10.946 ; 10.914 ; 11.439 ; 11.440 ;
; SW[5]      ; HEX0[2]     ; 11.339 ; 11.257 ; 11.832 ; 11.783 ;
; SW[5]      ; HEX0[3]     ; 10.672 ; 10.598 ; 11.165 ; 11.091 ;
; SW[5]      ; HEX0[4]     ; 10.677 ; 10.516 ; 11.170 ; 11.040 ;
; SW[5]      ; HEX0[5]     ; 10.622 ; 10.606 ; 11.148 ; 11.099 ;
; SW[5]      ; HEX0[6]     ; 10.578 ; 10.510 ; 11.071 ; 11.003 ;
; SW[5]      ; HEX1[0]     ; 8.991  ; 8.946  ; 9.517  ; 9.472  ;
; SW[5]      ; HEX1[3]     ; 8.991  ; 8.943  ; 9.517  ; 9.469  ;
; SW[5]      ; HEX1[4]     ; 8.991  ; 8.943  ; 9.517  ; 9.469  ;
; SW[5]      ; HEX1[5]     ; 9.057  ; 9.022  ; 9.583  ; 9.548  ;
; SW[6]      ; HEX0[0]     ; 9.827  ; 9.723  ; 10.323 ; 10.252 ;
; SW[6]      ; HEX0[1]     ; 10.476 ; 10.444 ; 10.972 ; 10.973 ;
; SW[6]      ; HEX0[2]     ; 10.869 ; 10.787 ; 11.365 ; 11.316 ;
; SW[6]      ; HEX0[3]     ; 10.202 ; 10.128 ; 10.698 ; 10.624 ;
; SW[6]      ; HEX0[4]     ; 10.207 ; 10.046 ; 10.703 ; 10.573 ;
; SW[6]      ; HEX0[5]     ; 10.152 ; 10.136 ; 10.681 ; 10.632 ;
; SW[6]      ; HEX0[6]     ; 10.108 ; 10.040 ; 10.604 ; 10.536 ;
; SW[6]      ; HEX1[0]     ; 8.521  ; 8.476  ; 9.050  ; 9.005  ;
; SW[6]      ; HEX1[3]     ; 8.521  ; 8.473  ; 9.050  ; 9.002  ;
; SW[6]      ; HEX1[4]     ; 8.521  ; 8.473  ; 9.050  ; 9.002  ;
; SW[6]      ; HEX1[5]     ; 8.587  ; 8.552  ; 9.116  ; 9.081  ;
; SW[7]      ; HEX0[0]     ; 9.051  ; 8.948  ; 9.497  ; 9.393  ;
; SW[7]      ; HEX0[1]     ; 9.700  ; 9.669  ; 10.146 ; 10.114 ;
; SW[7]      ; HEX0[2]     ; 10.093 ; 10.012 ; 10.539 ; 10.457 ;
; SW[7]      ; HEX0[3]     ; 9.426  ; 9.352  ; 9.872  ; 9.798  ;
; SW[7]      ; HEX0[4]     ; 9.431  ; 9.270  ; 9.877  ; 9.716  ;
; SW[7]      ; HEX0[5]     ; 9.377  ; 9.360  ; 9.822  ; 9.806  ;
; SW[7]      ; HEX0[6]     ; 9.332  ; 9.264  ; 9.778  ; 9.710  ;
; SW[7]      ; HEX1[0]     ; 7.746  ; 7.701  ; 8.191  ; 8.146  ;
; SW[7]      ; HEX1[3]     ; 7.746  ; 7.698  ; 8.191  ; 8.143  ;
; SW[7]      ; HEX1[4]     ; 7.746  ; 7.698  ; 8.191  ; 8.143  ;
; SW[7]      ; HEX1[5]     ; 7.812  ; 7.777  ; 8.257  ; 8.222  ;
+------------+-------------+--------+--------+--------+--------+


+----------------------------------------------------------+
; Minimum Propagation Delay                                ;
+------------+-------------+-------+-------+-------+-------+
; Input Port ; Output Port ; RR    ; RF    ; FR    ; FF    ;
+------------+-------------+-------+-------+-------+-------+
; SW[0]      ; HEX0[0]     ; 7.729 ; 7.690 ; 8.145 ; 8.106 ;
; SW[0]      ; HEX0[1]     ; 7.276 ; 7.257 ; 7.692 ; 7.703 ;
; SW[0]      ; HEX0[2]     ; 7.639 ; 7.595 ; 8.055 ; 8.011 ;
; SW[0]      ; HEX0[3]     ; 8.085 ; 8.023 ; 8.501 ; 8.439 ;
; SW[0]      ; HEX0[4]     ; 8.088 ; 8.063 ; 8.504 ; 8.509 ;
; SW[0]      ; HEX0[5]     ; 8.101 ; 8.096 ; 8.517 ; 8.542 ;
; SW[0]      ; HEX0[6]     ; 8.022 ; 8.010 ; 8.438 ; 8.456 ;
; SW[0]      ; HEX1[0]     ; 7.654 ; 7.633 ; 8.113 ; 8.066 ;
; SW[0]      ; HEX1[3]     ; 7.653 ; 7.630 ; 8.112 ; 8.063 ;
; SW[0]      ; HEX1[4]     ; 7.653 ; 7.630 ; 8.112 ; 8.063 ;
; SW[0]      ; HEX1[5]     ; 7.716 ; 7.705 ; 8.175 ; 8.138 ;
; SW[1]      ; HEX0[0]     ; 7.861 ; 7.814 ; 8.284 ; 8.209 ;
; SW[1]      ; HEX0[1]     ; 7.526 ; 7.493 ; 7.945 ; 7.912 ;
; SW[1]      ; HEX0[2]     ; 7.899 ; 7.830 ; 8.321 ; 8.252 ;
; SW[1]      ; HEX0[3]     ; 8.165 ; 8.123 ; 8.560 ; 8.543 ;
; SW[1]      ; HEX0[4]     ; 8.169 ; 8.103 ; 8.564 ; 8.526 ;
; SW[1]      ; HEX0[5]     ; 8.178 ; 8.123 ; 8.573 ; 8.546 ;
; SW[1]      ; HEX0[6]     ; 8.098 ; 8.032 ; 8.493 ; 8.455 ;
; SW[1]      ; HEX1[0]     ; 7.545 ; 7.526 ; 7.968 ; 7.921 ;
; SW[1]      ; HEX1[3]     ; 7.544 ; 7.523 ; 7.967 ; 7.918 ;
; SW[1]      ; HEX1[4]     ; 7.544 ; 7.523 ; 7.967 ; 7.918 ;
; SW[1]      ; HEX1[5]     ; 7.607 ; 7.598 ; 8.030 ; 7.993 ;
; SW[2]      ; HEX0[0]     ; 7.693 ; 7.654 ; 8.116 ; 8.094 ;
; SW[2]      ; HEX0[1]     ; 7.443 ; 7.410 ; 7.891 ; 7.858 ;
; SW[2]      ; HEX0[2]     ; 7.812 ; 7.743 ; 8.260 ; 8.191 ;
; SW[2]      ; HEX0[3]     ; 8.049 ; 7.987 ; 8.475 ; 8.427 ;
; SW[2]      ; HEX0[4]     ; 8.052 ; 8.009 ; 8.492 ; 8.417 ;
; SW[2]      ; HEX0[5]     ; 8.065 ; 8.042 ; 8.505 ; 8.450 ;
; SW[2]      ; HEX0[6]     ; 7.986 ; 7.956 ; 8.426 ; 8.364 ;
; SW[2]      ; HEX1[0]     ; 7.480 ; 7.414 ; 7.888 ; 7.854 ;
; SW[2]      ; HEX1[3]     ; 7.479 ; 7.411 ; 7.887 ; 7.851 ;
; SW[2]      ; HEX1[4]     ; 7.479 ; 7.411 ; 7.887 ; 7.851 ;
; SW[2]      ; HEX1[5]     ; 7.542 ; 7.486 ; 7.950 ; 7.926 ;
; SW[3]      ; HEX0[0]     ; 7.907 ; 7.900 ; 8.348 ; 8.309 ;
; SW[3]      ; HEX0[1]     ; 7.715 ; 7.682 ; 8.223 ; 8.181 ;
; SW[3]      ; HEX0[2]     ; 8.135 ; 8.057 ; 8.589 ; 8.520 ;
; SW[3]      ; HEX0[3]     ; 8.266 ; 8.234 ; 8.704 ; 8.642 ;
; SW[3]      ; HEX0[4]     ; 8.305 ; 8.208 ; 8.707 ; 8.686 ;
; SW[3]      ; HEX0[5]     ; 8.318 ; 8.241 ; 8.720 ; 8.719 ;
; SW[3]      ; HEX0[6]     ; 8.239 ; 8.155 ; 8.641 ; 8.633 ;
; SW[3]      ; HEX1[0]     ; 7.569 ; 7.515 ; 8.019 ; 7.951 ;
; SW[3]      ; HEX1[3]     ; 7.568 ; 7.512 ; 8.018 ; 7.948 ;
; SW[3]      ; HEX1[4]     ; 7.568 ; 7.512 ; 8.018 ; 7.948 ;
; SW[3]      ; HEX1[5]     ; 7.631 ; 7.587 ; 8.081 ; 8.023 ;
; SW[4]      ; HEX0[0]     ; 7.475 ; 7.436 ; 7.872 ; 7.833 ;
; SW[4]      ; HEX0[1]     ; 7.022 ; 7.004 ; 7.419 ; 7.392 ;
; SW[4]      ; HEX0[2]     ; 7.385 ; 7.341 ; 7.782 ; 7.738 ;
; SW[4]      ; HEX0[3]     ; 7.831 ; 7.769 ; 8.228 ; 8.166 ;
; SW[4]      ; HEX0[4]     ; 7.834 ; 7.810 ; 8.231 ; 8.198 ;
; SW[4]      ; HEX0[5]     ; 7.847 ; 7.843 ; 8.244 ; 8.231 ;
; SW[4]      ; HEX0[6]     ; 7.768 ; 7.757 ; 8.165 ; 8.145 ;
; SW[4]      ; HEX1[0]     ; 7.320 ; 7.278 ; 7.718 ; 7.667 ;
; SW[4]      ; HEX1[3]     ; 7.319 ; 7.275 ; 7.717 ; 7.664 ;
; SW[4]      ; HEX1[4]     ; 7.319 ; 7.275 ; 7.717 ; 7.664 ;
; SW[4]      ; HEX1[5]     ; 7.382 ; 7.350 ; 7.780 ; 7.739 ;
; SW[5]      ; HEX0[0]     ; 8.111 ; 8.039 ; 8.527 ; 8.486 ;
; SW[5]      ; HEX0[1]     ; 7.775 ; 7.742 ; 8.192 ; 8.159 ;
; SW[5]      ; HEX0[2]     ; 8.149 ; 8.080 ; 8.565 ; 8.496 ;
; SW[5]      ; HEX0[3]     ; 8.390 ; 8.373 ; 8.837 ; 8.789 ;
; SW[5]      ; HEX0[4]     ; 8.394 ; 8.353 ; 8.841 ; 8.769 ;
; SW[5]      ; HEX0[5]     ; 8.403 ; 8.373 ; 8.850 ; 8.789 ;
; SW[5]      ; HEX0[6]     ; 8.323 ; 8.282 ; 8.770 ; 8.698 ;
; SW[5]      ; HEX1[0]     ; 7.795 ; 7.751 ; 8.211 ; 8.198 ;
; SW[5]      ; HEX1[3]     ; 7.794 ; 7.748 ; 8.210 ; 8.195 ;
; SW[5]      ; HEX1[4]     ; 7.794 ; 7.748 ; 8.210 ; 8.195 ;
; SW[5]      ; HEX1[5]     ; 7.857 ; 7.823 ; 8.273 ; 8.270 ;
; SW[6]      ; HEX0[0]     ; 7.660 ; 7.636 ; 8.099 ; 8.064 ;
; SW[6]      ; HEX0[1]     ; 7.469 ; 7.436 ; 7.907 ; 7.874 ;
; SW[6]      ; HEX0[2]     ; 7.838 ; 7.769 ; 8.276 ; 8.207 ;
; SW[6]      ; HEX0[3]     ; 8.019 ; 7.969 ; 8.458 ; 8.397 ;
; SW[6]      ; HEX0[4]     ; 8.034 ; 7.961 ; 8.462 ; 8.400 ;
; SW[6]      ; HEX0[5]     ; 8.047 ; 7.994 ; 8.475 ; 8.433 ;
; SW[6]      ; HEX0[6]     ; 7.968 ; 7.908 ; 8.396 ; 8.347 ;
; SW[6]      ; HEX1[0]     ; 7.432 ; 7.396 ; 7.871 ; 7.824 ;
; SW[6]      ; HEX1[3]     ; 7.431 ; 7.393 ; 7.870 ; 7.821 ;
; SW[6]      ; HEX1[4]     ; 7.431 ; 7.393 ; 7.870 ; 7.821 ;
; SW[6]      ; HEX1[5]     ; 7.494 ; 7.468 ; 7.933 ; 7.896 ;
; SW[7]      ; HEX0[0]     ; 7.603 ; 7.571 ; 8.006 ; 7.974 ;
; SW[7]      ; HEX0[1]     ; 7.566 ; 7.533 ; 8.060 ; 8.018 ;
; SW[7]      ; HEX0[2]     ; 7.986 ; 7.908 ; 8.426 ; 8.357 ;
; SW[7]      ; HEX0[3]     ; 7.912 ; 7.868 ; 8.315 ; 8.271 ;
; SW[7]      ; HEX0[4]     ; 7.918 ; 7.849 ; 8.321 ; 8.252 ;
; SW[7]      ; HEX0[5]     ; 7.923 ; 7.866 ; 8.326 ; 8.269 ;
; SW[7]      ; HEX0[6]     ; 7.842 ; 7.778 ; 8.245 ; 8.181 ;
; SW[7]      ; HEX1[0]     ; 7.380 ; 7.312 ; 7.782 ; 7.714 ;
; SW[7]      ; HEX1[3]     ; 7.379 ; 7.309 ; 7.781 ; 7.711 ;
; SW[7]      ; HEX1[4]     ; 7.379 ; 7.309 ; 7.781 ; 7.711 ;
; SW[7]      ; HEX1[5]     ; 7.442 ; 7.384 ; 7.844 ; 7.786 ;
+------------+-------------+-------+-------+-------+-------+


----------------------------------------------
; Slow 1200mV 85C Model Metastability Report ;
----------------------------------------------
No synchronizer chains to report.


-------------------------------------
; Slow 1200mV 0C Model Fmax Summary ;
-------------------------------------
No paths to report.


--------------------------------------
; Slow 1200mV 0C Model Setup Summary ;
--------------------------------------
No paths to report.


-------------------------------------
; Slow 1200mV 0C Model Hold Summary ;
-------------------------------------
No paths to report.


-----------------------------------------
; Slow 1200mV 0C Model Recovery Summary ;
-----------------------------------------
No paths to report.


----------------------------------------
; Slow 1200mV 0C Model Removal Summary ;
----------------------------------------
No paths to report.


----------------------------------------------------
; Slow 1200mV 0C Model Minimum Pulse Width Summary ;
----------------------------------------------------
No paths to report.


+--------------------------------------------------------------+
; Propagation Delay                                            ;
+------------+-------------+--------+--------+--------+--------+
; Input Port ; Output Port ; RR     ; RF     ; FR     ; FF     ;
+------------+-------------+--------+--------+--------+--------+
; SW[0]      ; HEX0[0]     ; 9.308  ; 9.211  ; 9.728  ; 9.652  ;
; SW[0]      ; HEX0[1]     ; 9.905  ; 9.852  ; 10.328 ; 10.293 ;
; SW[0]      ; HEX0[2]     ; 10.271 ; 10.170 ; 10.694 ; 10.611 ;
; SW[0]      ; HEX0[3]     ; 9.662  ; 9.562  ; 10.082 ; 9.982  ;
; SW[0]      ; HEX0[4]     ; 9.660  ; 9.512  ; 10.080 ; 9.953  ;
; SW[0]      ; HEX0[5]     ; 9.648  ; 9.570  ; 10.089 ; 9.990  ;
; SW[0]      ; HEX0[6]     ; 9.570  ; 9.476  ; 10.006 ; 9.896  ;
; SW[0]      ; HEX1[0]     ; 8.163  ; 8.068  ; 8.604  ; 8.509  ;
; SW[0]      ; HEX1[3]     ; 8.164  ; 8.066  ; 8.605  ; 8.507  ;
; SW[0]      ; HEX1[4]     ; 8.164  ; 8.066  ; 8.605  ; 8.507  ;
; SW[0]      ; HEX1[5]     ; 8.227  ; 8.148  ; 8.668  ; 8.589  ;
; SW[1]      ; HEX0[0]     ; 9.246  ; 9.149  ; 9.630  ; 9.554  ;
; SW[1]      ; HEX0[1]     ; 9.843  ; 9.790  ; 10.230 ; 10.195 ;
; SW[1]      ; HEX0[2]     ; 10.209 ; 10.108 ; 10.596 ; 10.513 ;
; SW[1]      ; HEX0[3]     ; 9.600  ; 9.500  ; 9.984  ; 9.884  ;
; SW[1]      ; HEX0[4]     ; 9.598  ; 9.450  ; 9.982  ; 9.855  ;
; SW[1]      ; HEX0[5]     ; 9.586  ; 9.508  ; 9.991  ; 9.892  ;
; SW[1]      ; HEX0[6]     ; 9.508  ; 9.414  ; 9.908  ; 9.798  ;
; SW[1]      ; HEX1[0]     ; 8.101  ; 8.006  ; 8.506  ; 8.411  ;
; SW[1]      ; HEX1[3]     ; 8.102  ; 8.004  ; 8.507  ; 8.409  ;
; SW[1]      ; HEX1[4]     ; 8.102  ; 8.004  ; 8.507  ; 8.409  ;
; SW[1]      ; HEX1[5]     ; 8.165  ; 8.086  ; 8.570  ; 8.491  ;
; SW[2]      ; HEX0[0]     ; 8.981  ; 8.884  ; 9.423  ; 9.347  ;
; SW[2]      ; HEX0[1]     ; 9.578  ; 9.525  ; 10.023 ; 9.988  ;
; SW[2]      ; HEX0[2]     ; 9.944  ; 9.843  ; 10.389 ; 10.306 ;
; SW[2]      ; HEX0[3]     ; 9.335  ; 9.235  ; 9.777  ; 9.677  ;
; SW[2]      ; HEX0[4]     ; 9.333  ; 9.185  ; 9.775  ; 9.648  ;
; SW[2]      ; HEX0[5]     ; 9.321  ; 9.243  ; 9.784  ; 9.685  ;
; SW[2]      ; HEX0[6]     ; 9.243  ; 9.149  ; 9.701  ; 9.591  ;
; SW[2]      ; HEX1[0]     ; 7.836  ; 7.741  ; 8.299  ; 8.204  ;
; SW[2]      ; HEX1[3]     ; 7.837  ; 7.739  ; 8.300  ; 8.202  ;
; SW[2]      ; HEX1[4]     ; 7.837  ; 7.739  ; 8.300  ; 8.202  ;
; SW[2]      ; HEX1[5]     ; 7.900  ; 7.821  ; 8.363  ; 8.284  ;
; SW[3]      ; HEX0[0]     ; 8.535  ; 8.432  ; 8.903  ; 8.779  ;
; SW[3]      ; HEX0[1]     ; 9.132  ; 9.073  ; 9.500  ; 9.418  ;
; SW[3]      ; HEX0[2]     ; 9.498  ; 9.391  ; 9.866  ; 9.736  ;
; SW[3]      ; HEX0[3]     ; 8.889  ; 8.789  ; 9.257  ; 9.157  ;
; SW[3]      ; HEX0[4]     ; 8.887  ; 8.733  ; 9.255  ; 9.084  ;
; SW[3]      ; HEX0[5]     ; 8.869  ; 8.797  ; 9.212  ; 9.165  ;
; SW[3]      ; HEX0[6]     ; 8.797  ; 8.703  ; 9.165  ; 9.071  ;
; SW[3]      ; HEX1[0]     ; 7.384  ; 7.289  ; 7.727  ; 7.636  ;
; SW[3]      ; HEX1[3]     ; 7.385  ; 7.287  ; 7.728  ; 7.634  ;
; SW[3]      ; HEX1[4]     ; 7.385  ; 7.287  ; 7.728  ; 7.634  ;
; SW[3]      ; HEX1[5]     ; 7.448  ; 7.369  ; 7.791  ; 7.716  ;
; SW[4]      ; HEX0[0]     ; 8.987  ; 8.890  ; 9.345  ; 9.269  ;
; SW[4]      ; HEX0[1]     ; 9.584  ; 9.531  ; 9.945  ; 9.910  ;
; SW[4]      ; HEX0[2]     ; 9.950  ; 9.849  ; 10.311 ; 10.228 ;
; SW[4]      ; HEX0[3]     ; 9.341  ; 9.241  ; 9.699  ; 9.599  ;
; SW[4]      ; HEX0[4]     ; 9.339  ; 9.191  ; 9.697  ; 9.570  ;
; SW[4]      ; HEX0[5]     ; 9.327  ; 9.249  ; 9.706  ; 9.607  ;
; SW[4]      ; HEX0[6]     ; 9.249  ; 9.155  ; 9.623  ; 9.513  ;
; SW[4]      ; HEX1[0]     ; 7.842  ; 7.747  ; 8.221  ; 8.126  ;
; SW[4]      ; HEX1[3]     ; 7.843  ; 7.745  ; 8.222  ; 8.124  ;
; SW[4]      ; HEX1[4]     ; 7.843  ; 7.745  ; 8.222  ; 8.124  ;
; SW[4]      ; HEX1[5]     ; 7.906  ; 7.827  ; 8.285  ; 8.206  ;
; SW[5]      ; HEX0[0]     ; 9.443  ; 9.346  ; 9.848  ; 9.772  ;
; SW[5]      ; HEX0[1]     ; 10.040 ; 9.987  ; 10.448 ; 10.413 ;
; SW[5]      ; HEX0[2]     ; 10.406 ; 10.305 ; 10.814 ; 10.731 ;
; SW[5]      ; HEX0[3]     ; 9.797  ; 9.697  ; 10.202 ; 10.102 ;
; SW[5]      ; HEX0[4]     ; 9.795  ; 9.647  ; 10.200 ; 10.073 ;
; SW[5]      ; HEX0[5]     ; 9.783  ; 9.705  ; 10.209 ; 10.110 ;
; SW[5]      ; HEX0[6]     ; 9.705  ; 9.611  ; 10.126 ; 10.016 ;
; SW[5]      ; HEX1[0]     ; 8.298  ; 8.203  ; 8.724  ; 8.629  ;
; SW[5]      ; HEX1[3]     ; 8.299  ; 8.201  ; 8.725  ; 8.627  ;
; SW[5]      ; HEX1[4]     ; 8.299  ; 8.201  ; 8.725  ; 8.627  ;
; SW[5]      ; HEX1[5]     ; 8.362  ; 8.283  ; 8.788  ; 8.709  ;
; SW[6]      ; HEX0[0]     ; 8.998  ; 8.901  ; 9.430  ; 9.354  ;
; SW[6]      ; HEX0[1]     ; 9.595  ; 9.542  ; 10.030 ; 9.995  ;
; SW[6]      ; HEX0[2]     ; 9.961  ; 9.860  ; 10.396 ; 10.313 ;
; SW[6]      ; HEX0[3]     ; 9.352  ; 9.252  ; 9.784  ; 9.684  ;
; SW[6]      ; HEX0[4]     ; 9.350  ; 9.202  ; 9.782  ; 9.655  ;
; SW[6]      ; HEX0[5]     ; 9.338  ; 9.260  ; 9.791  ; 9.692  ;
; SW[6]      ; HEX0[6]     ; 9.260  ; 9.166  ; 9.708  ; 9.598  ;
; SW[6]      ; HEX1[0]     ; 7.853  ; 7.758  ; 8.306  ; 8.211  ;
; SW[6]      ; HEX1[3]     ; 7.854  ; 7.756  ; 8.307  ; 8.209  ;
; SW[6]      ; HEX1[4]     ; 7.854  ; 7.756  ; 8.307  ; 8.209  ;
; SW[6]      ; HEX1[5]     ; 7.917  ; 7.838  ; 8.370  ; 8.291  ;
; SW[7]      ; HEX0[0]     ; 8.309  ; 8.208  ; 8.686  ; 8.583  ;
; SW[7]      ; HEX0[1]     ; 8.906  ; 8.849  ; 9.283  ; 9.224  ;
; SW[7]      ; HEX0[2]     ; 9.272  ; 9.167  ; 9.649  ; 9.542  ;
; SW[7]      ; HEX0[3]     ; 8.663  ; 8.563  ; 9.040  ; 8.940  ;
; SW[7]      ; HEX0[4]     ; 8.661  ; 8.509  ; 9.038  ; 8.884  ;
; SW[7]      ; HEX0[5]     ; 8.645  ; 8.571  ; 9.020  ; 8.948  ;
; SW[7]      ; HEX0[6]     ; 8.571  ; 8.477  ; 8.948  ; 8.854  ;
; SW[7]      ; HEX1[0]     ; 7.160  ; 7.065  ; 7.535  ; 7.440  ;
; SW[7]      ; HEX1[3]     ; 7.161  ; 7.063  ; 7.536  ; 7.438  ;
; SW[7]      ; HEX1[4]     ; 7.161  ; 7.063  ; 7.536  ; 7.438  ;
; SW[7]      ; HEX1[5]     ; 7.224  ; 7.145  ; 7.599  ; 7.520  ;
+------------+-------------+--------+--------+--------+--------+


+----------------------------------------------------------+
; Minimum Propagation Delay                                ;
+------------+-------------+-------+-------+-------+-------+
; Input Port ; Output Port ; RR    ; RF    ; FR    ; FF    ;
+------------+-------------+-------+-------+-------+-------+
; SW[0]      ; HEX0[0]     ; 7.154 ; 7.094 ; 7.504 ; 7.444 ;
; SW[0]      ; HEX0[1]     ; 6.750 ; 6.696 ; 7.100 ; 7.074 ;
; SW[0]      ; HEX0[2]     ; 7.082 ; 7.022 ; 7.432 ; 7.372 ;
; SW[0]      ; HEX0[3]     ; 7.489 ; 7.398 ; 7.839 ; 7.748 ;
; SW[0]      ; HEX0[4]     ; 7.485 ; 7.423 ; 7.835 ; 7.801 ;
; SW[0]      ; HEX0[5]     ; 7.505 ; 7.450 ; 7.855 ; 7.828 ;
; SW[0]      ; HEX0[6]     ; 7.426 ; 7.367 ; 7.776 ; 7.745 ;
; SW[0]      ; HEX1[0]     ; 7.085 ; 7.013 ; 7.469 ; 7.369 ;
; SW[0]      ; HEX1[3]     ; 7.086 ; 7.011 ; 7.470 ; 7.367 ;
; SW[0]      ; HEX1[4]     ; 7.086 ; 7.011 ; 7.470 ; 7.367 ;
; SW[0]      ; HEX1[5]     ; 7.146 ; 7.089 ; 7.530 ; 7.445 ;
; SW[1]      ; HEX0[0]     ; 7.275 ; 7.216 ; 7.619 ; 7.531 ;
; SW[1]      ; HEX0[1]     ; 6.983 ; 6.923 ; 7.318 ; 7.262 ;
; SW[1]      ; HEX0[2]     ; 7.326 ; 7.237 ; 7.662 ; 7.577 ;
; SW[1]      ; HEX0[3]     ; 7.567 ; 7.491 ; 7.882 ; 7.835 ;
; SW[1]      ; HEX0[4]     ; 7.564 ; 7.475 ; 7.879 ; 7.819 ;
; SW[1]      ; HEX0[5]     ; 7.580 ; 7.491 ; 7.895 ; 7.835 ;
; SW[1]      ; HEX0[6]     ; 7.501 ; 7.403 ; 7.816 ; 7.747 ;
; SW[1]      ; HEX1[0]     ; 6.997 ; 6.926 ; 7.341 ; 7.241 ;
; SW[1]      ; HEX1[3]     ; 6.998 ; 6.924 ; 7.342 ; 7.239 ;
; SW[1]      ; HEX1[4]     ; 6.998 ; 6.924 ; 7.342 ; 7.239 ;
; SW[1]      ; HEX1[5]     ; 7.058 ; 7.002 ; 7.402 ; 7.317 ;
; SW[2]      ; HEX0[0]     ; 7.122 ; 7.062 ; 7.486 ; 7.429 ;
; SW[2]      ; HEX0[1]     ; 6.912 ; 6.854 ; 7.296 ; 7.237 ;
; SW[2]      ; HEX0[2]     ; 7.250 ; 7.163 ; 7.634 ; 7.547 ;
; SW[2]      ; HEX0[3]     ; 7.457 ; 7.366 ; 7.823 ; 7.733 ;
; SW[2]      ; HEX0[4]     ; 7.453 ; 7.400 ; 7.820 ; 7.738 ;
; SW[2]      ; HEX0[5]     ; 7.473 ; 7.427 ; 7.840 ; 7.765 ;
; SW[2]      ; HEX0[6]     ; 7.394 ; 7.344 ; 7.761 ; 7.682 ;
; SW[2]      ; HEX1[0]     ; 6.944 ; 6.828 ; 7.282 ; 7.195 ;
; SW[2]      ; HEX1[3]     ; 6.945 ; 6.826 ; 7.283 ; 7.193 ;
; SW[2]      ; HEX1[4]     ; 6.945 ; 6.826 ; 7.283 ; 7.193 ;
; SW[2]      ; HEX1[5]     ; 7.005 ; 6.904 ; 7.343 ; 7.271 ;
; SW[3]      ; HEX0[0]     ; 7.319 ; 7.278 ; 7.664 ; 7.604 ;
; SW[3]      ; HEX0[1]     ; 7.153 ; 7.097 ; 7.552 ; 7.490 ;
; SW[3]      ; HEX0[2]     ; 7.528 ; 7.437 ; 7.895 ; 7.810 ;
; SW[3]      ; HEX0[3]     ; 7.656 ; 7.582 ; 7.999 ; 7.908 ;
; SW[3]      ; HEX0[4]     ; 7.669 ; 7.571 ; 7.995 ; 7.965 ;
; SW[3]      ; HEX0[5]     ; 7.689 ; 7.598 ; 8.015 ; 7.992 ;
; SW[3]      ; HEX0[6]     ; 7.610 ; 7.515 ; 7.936 ; 7.909 ;
; SW[3]      ; HEX1[0]     ; 7.014 ; 6.918 ; 7.386 ; 7.273 ;
; SW[3]      ; HEX1[3]     ; 7.015 ; 6.916 ; 7.387 ; 7.271 ;
; SW[3]      ; HEX1[4]     ; 7.015 ; 6.916 ; 7.387 ; 7.271 ;
; SW[3]      ; HEX1[5]     ; 7.075 ; 6.994 ; 7.447 ; 7.349 ;
; SW[4]      ; HEX0[0]     ; 6.926 ; 6.866 ; 7.257 ; 7.197 ;
; SW[4]      ; HEX0[1]     ; 6.522 ; 6.470 ; 6.853 ; 6.795 ;
; SW[4]      ; HEX0[2]     ; 6.854 ; 6.794 ; 7.185 ; 7.123 ;
; SW[4]      ; HEX0[3]     ; 7.261 ; 7.170 ; 7.592 ; 7.501 ;
; SW[4]      ; HEX0[4]     ; 7.257 ; 7.197 ; 7.588 ; 7.522 ;
; SW[4]      ; HEX0[5]     ; 7.277 ; 7.224 ; 7.608 ; 7.549 ;
; SW[4]      ; HEX0[6]     ; 7.198 ; 7.141 ; 7.529 ; 7.466 ;
; SW[4]      ; HEX1[0]     ; 6.789 ; 6.693 ; 7.121 ; 7.019 ;
; SW[4]      ; HEX1[3]     ; 6.790 ; 6.691 ; 7.122 ; 7.017 ;
; SW[4]      ; HEX1[4]     ; 6.790 ; 6.691 ; 7.122 ; 7.017 ;
; SW[4]      ; HEX1[5]     ; 6.850 ; 6.769 ; 7.182 ; 7.095 ;
; SW[5]      ; HEX0[0]     ; 7.502 ; 7.416 ; 7.845 ; 7.787 ;
; SW[5]      ; HEX0[1]     ; 7.203 ; 7.147 ; 7.553 ; 7.493 ;
; SW[5]      ; HEX0[2]     ; 7.547 ; 7.462 ; 7.896 ; 7.807 ;
; SW[5]      ; HEX0[3]     ; 7.767 ; 7.718 ; 8.138 ; 8.061 ;
; SW[5]      ; HEX0[4]     ; 7.764 ; 7.702 ; 8.135 ; 8.045 ;
; SW[5]      ; HEX0[5]     ; 7.780 ; 7.718 ; 8.151 ; 8.061 ;
; SW[5]      ; HEX0[6]     ; 7.701 ; 7.630 ; 8.072 ; 7.973 ;
; SW[5]      ; HEX1[0]     ; 7.224 ; 7.126 ; 7.567 ; 7.497 ;
; SW[5]      ; HEX1[3]     ; 7.225 ; 7.124 ; 7.568 ; 7.495 ;
; SW[5]      ; HEX1[4]     ; 7.225 ; 7.124 ; 7.568 ; 7.495 ;
; SW[5]      ; HEX1[5]     ; 7.285 ; 7.202 ; 7.628 ; 7.573 ;
; SW[6]      ; HEX0[0]     ; 7.090 ; 7.036 ; 7.462 ; 7.402 ;
; SW[6]      ; HEX0[1]     ; 6.931 ; 6.873 ; 7.308 ; 7.248 ;
; SW[6]      ; HEX0[2]     ; 7.269 ; 7.182 ; 7.646 ; 7.559 ;
; SW[6]      ; HEX0[3]     ; 7.427 ; 7.340 ; 7.797 ; 7.706 ;
; SW[6]      ; HEX0[4]     ; 7.427 ; 7.342 ; 7.793 ; 7.723 ;
; SW[6]      ; HEX0[5]     ; 7.447 ; 7.369 ; 7.813 ; 7.750 ;
; SW[6]      ; HEX0[6]     ; 7.368 ; 7.286 ; 7.734 ; 7.667 ;
; SW[6]      ; HEX1[0]     ; 6.886 ; 6.802 ; 7.267 ; 7.168 ;
; SW[6]      ; HEX1[3]     ; 6.887 ; 6.800 ; 7.268 ; 7.166 ;
; SW[6]      ; HEX1[4]     ; 6.887 ; 6.800 ; 7.268 ; 7.166 ;
; SW[6]      ; HEX1[5]     ; 6.947 ; 6.878 ; 7.328 ; 7.244 ;
; SW[7]      ; HEX0[0]     ; 7.037 ; 6.993 ; 7.377 ; 7.329 ;
; SW[7]      ; HEX0[1]     ; 7.017 ; 6.961 ; 7.416 ; 7.354 ;
; SW[7]      ; HEX0[2]     ; 7.392 ; 7.301 ; 7.759 ; 7.674 ;
; SW[7]      ; HEX0[3]     ; 7.336 ; 7.251 ; 7.672 ; 7.591 ;
; SW[7]      ; HEX0[4]     ; 7.335 ; 7.236 ; 7.671 ; 7.576 ;
; SW[7]      ; HEX0[5]     ; 7.347 ; 7.247 ; 7.683 ; 7.587 ;
; SW[7]      ; HEX0[6]     ; 7.267 ; 7.163 ; 7.603 ; 7.503 ;
; SW[7]      ; HEX1[0]     ; 6.843 ; 6.732 ; 7.183 ; 7.070 ;
; SW[7]      ; HEX1[3]     ; 6.844 ; 6.730 ; 7.184 ; 7.068 ;
; SW[7]      ; HEX1[4]     ; 6.844 ; 6.730 ; 7.184 ; 7.068 ;
; SW[7]      ; HEX1[5]     ; 6.904 ; 6.808 ; 7.244 ; 7.146 ;
+------------+-------------+-------+-------+-------+-------+


---------------------------------------------
; Slow 1200mV 0C Model Metastability Report ;
---------------------------------------------
No synchronizer chains to report.


--------------------------------------
; Fast 1200mV 0C Model Setup Summary ;
--------------------------------------
No paths to report.


-------------------------------------
; Fast 1200mV 0C Model Hold Summary ;
-------------------------------------
No paths to report.


-----------------------------------------
; Fast 1200mV 0C Model Recovery Summary ;
-----------------------------------------
No paths to report.


----------------------------------------
; Fast 1200mV 0C Model Removal Summary ;
----------------------------------------
No paths to report.


----------------------------------------------------
; Fast 1200mV 0C Model Minimum Pulse Width Summary ;
----------------------------------------------------
No paths to report.


+----------------------------------------------------------+
; Propagation Delay                                        ;
+------------+-------------+-------+-------+-------+-------+
; Input Port ; Output Port ; RR    ; RF    ; FR    ; FF    ;
+------------+-------------+-------+-------+-------+-------+
; SW[0]      ; HEX0[0]     ; 5.870 ; 5.860 ; 6.534 ; 6.542 ;
; SW[0]      ; HEX0[1]     ; 6.216 ; 6.261 ; 6.880 ; 6.943 ;
; SW[0]      ; HEX0[2]     ; 6.430 ; 6.488 ; 7.094 ; 7.170 ;
; SW[0]      ; HEX0[3]     ; 6.079 ; 6.103 ; 6.743 ; 6.767 ;
; SW[0]      ; HEX0[4]     ; 6.072 ; 6.061 ; 6.736 ; 6.733 ;
; SW[0]      ; HEX0[5]     ; 6.033 ; 6.103 ; 6.715 ; 6.767 ;
; SW[0]      ; HEX0[6]     ; 6.006 ; 6.041 ; 6.670 ; 6.705 ;
; SW[0]      ; HEX1[0]     ; 5.128 ; 5.156 ; 5.810 ; 5.838 ;
; SW[0]      ; HEX1[3]     ; 5.128 ; 5.156 ; 5.810 ; 5.838 ;
; SW[0]      ; HEX1[4]     ; 5.128 ; 5.156 ; 5.810 ; 5.838 ;
; SW[0]      ; HEX1[5]     ; 5.144 ; 5.197 ; 5.826 ; 5.879 ;
; SW[1]      ; HEX0[0]     ; 5.807 ; 5.797 ; 6.461 ; 6.469 ;
; SW[1]      ; HEX0[1]     ; 6.153 ; 6.198 ; 6.807 ; 6.870 ;
; SW[1]      ; HEX0[2]     ; 6.367 ; 6.425 ; 7.021 ; 7.097 ;
; SW[1]      ; HEX0[3]     ; 6.016 ; 6.040 ; 6.670 ; 6.694 ;
; SW[1]      ; HEX0[4]     ; 6.009 ; 5.998 ; 6.663 ; 6.660 ;
; SW[1]      ; HEX0[5]     ; 5.970 ; 6.040 ; 6.642 ; 6.694 ;
; SW[1]      ; HEX0[6]     ; 5.943 ; 5.978 ; 6.597 ; 6.632 ;
; SW[1]      ; HEX1[0]     ; 5.065 ; 5.093 ; 5.737 ; 5.765 ;
; SW[1]      ; HEX1[3]     ; 5.065 ; 5.093 ; 5.737 ; 5.765 ;
; SW[1]      ; HEX1[4]     ; 5.065 ; 5.093 ; 5.737 ; 5.765 ;
; SW[1]      ; HEX1[5]     ; 5.081 ; 5.134 ; 5.753 ; 5.806 ;
; SW[2]      ; HEX0[0]     ; 5.689 ; 5.679 ; 6.335 ; 6.343 ;
; SW[2]      ; HEX0[1]     ; 6.035 ; 6.080 ; 6.681 ; 6.744 ;
; SW[2]      ; HEX0[2]     ; 6.249 ; 6.307 ; 6.895 ; 6.971 ;
; SW[2]      ; HEX0[3]     ; 5.898 ; 5.922 ; 6.544 ; 6.568 ;
; SW[2]      ; HEX0[4]     ; 5.891 ; 5.880 ; 6.537 ; 6.534 ;
; SW[2]      ; HEX0[5]     ; 5.852 ; 5.922 ; 6.516 ; 6.568 ;
; SW[2]      ; HEX0[6]     ; 5.825 ; 5.860 ; 6.471 ; 6.506 ;
; SW[2]      ; HEX1[0]     ; 4.947 ; 4.975 ; 5.611 ; 5.639 ;
; SW[2]      ; HEX1[3]     ; 4.947 ; 4.975 ; 5.611 ; 5.639 ;
; SW[2]      ; HEX1[4]     ; 4.947 ; 4.975 ; 5.611 ; 5.639 ;
; SW[2]      ; HEX1[5]     ; 4.963 ; 5.016 ; 5.627 ; 5.680 ;
; SW[3]      ; HEX0[0]     ; 5.423 ; 5.403 ; 6.023 ; 5.990 ;
; SW[3]      ; HEX0[1]     ; 5.769 ; 5.807 ; 6.369 ; 6.407 ;
; SW[3]      ; HEX0[2]     ; 5.983 ; 6.034 ; 6.583 ; 6.634 ;
; SW[3]      ; HEX0[3]     ; 5.632 ; 5.656 ; 6.232 ; 6.256 ;
; SW[3]      ; HEX0[4]     ; 5.625 ; 5.614 ; 6.225 ; 6.214 ;
; SW[3]      ; HEX0[5]     ; 5.576 ; 5.656 ; 6.163 ; 6.256 ;
; SW[3]      ; HEX0[6]     ; 5.559 ; 5.594 ; 6.159 ; 6.194 ;
; SW[3]      ; HEX1[0]     ; 4.671 ; 4.699 ; 5.256 ; 5.286 ;
; SW[3]      ; HEX1[3]     ; 4.671 ; 4.699 ; 5.256 ; 5.286 ;
; SW[3]      ; HEX1[4]     ; 4.671 ; 4.699 ; 5.256 ; 5.286 ;
; SW[3]      ; HEX1[5]     ; 4.687 ; 4.740 ; 5.272 ; 5.327 ;
; SW[4]      ; HEX0[0]     ; 5.648 ; 5.638 ; 6.272 ; 6.280 ;
; SW[4]      ; HEX0[1]     ; 5.994 ; 6.039 ; 6.618 ; 6.681 ;
; SW[4]      ; HEX0[2]     ; 6.208 ; 6.266 ; 6.832 ; 6.908 ;
; SW[4]      ; HEX0[3]     ; 5.857 ; 5.881 ; 6.481 ; 6.505 ;
; SW[4]      ; HEX0[4]     ; 5.850 ; 5.839 ; 6.474 ; 6.471 ;
; SW[4]      ; HEX0[5]     ; 5.811 ; 5.881 ; 6.453 ; 6.505 ;
; SW[4]      ; HEX0[6]     ; 5.784 ; 5.819 ; 6.408 ; 6.443 ;
; SW[4]      ; HEX1[0]     ; 4.906 ; 4.934 ; 5.548 ; 5.576 ;
; SW[4]      ; HEX1[3]     ; 4.906 ; 4.934 ; 5.548 ; 5.576 ;
; SW[4]      ; HEX1[4]     ; 4.906 ; 4.934 ; 5.548 ; 5.576 ;
; SW[4]      ; HEX1[5]     ; 4.922 ; 4.975 ; 5.564 ; 5.617 ;
; SW[5]      ; HEX0[0]     ; 5.956 ; 5.946 ; 6.623 ; 6.631 ;
; SW[5]      ; HEX0[1]     ; 6.302 ; 6.347 ; 6.969 ; 7.032 ;
; SW[5]      ; HEX0[2]     ; 6.516 ; 6.574 ; 7.183 ; 7.259 ;
; SW[5]      ; HEX0[3]     ; 6.165 ; 6.189 ; 6.832 ; 6.856 ;
; SW[5]      ; HEX0[4]     ; 6.158 ; 6.147 ; 6.825 ; 6.822 ;
; SW[5]      ; HEX0[5]     ; 6.119 ; 6.189 ; 6.804 ; 6.856 ;
; SW[5]      ; HEX0[6]     ; 6.092 ; 6.127 ; 6.759 ; 6.794 ;
; SW[5]      ; HEX1[0]     ; 5.214 ; 5.242 ; 5.899 ; 5.927 ;
; SW[5]      ; HEX1[3]     ; 5.214 ; 5.242 ; 5.899 ; 5.927 ;
; SW[5]      ; HEX1[4]     ; 5.214 ; 5.242 ; 5.899 ; 5.927 ;
; SW[5]      ; HEX1[5]     ; 5.230 ; 5.283 ; 5.915 ; 5.968 ;
; SW[6]      ; HEX0[0]     ; 5.693 ; 5.683 ; 6.345 ; 6.353 ;
; SW[6]      ; HEX0[1]     ; 6.039 ; 6.084 ; 6.691 ; 6.754 ;
; SW[6]      ; HEX0[2]     ; 6.253 ; 6.311 ; 6.905 ; 6.981 ;
; SW[6]      ; HEX0[3]     ; 5.902 ; 5.926 ; 6.554 ; 6.578 ;
; SW[6]      ; HEX0[4]     ; 5.895 ; 5.884 ; 6.547 ; 6.544 ;
; SW[6]      ; HEX0[5]     ; 5.856 ; 5.926 ; 6.526 ; 6.578 ;
; SW[6]      ; HEX0[6]     ; 5.829 ; 5.864 ; 6.481 ; 6.516 ;
; SW[6]      ; HEX1[0]     ; 4.951 ; 4.979 ; 5.621 ; 5.649 ;
; SW[6]      ; HEX1[3]     ; 4.951 ; 4.979 ; 5.621 ; 5.649 ;
; SW[6]      ; HEX1[4]     ; 4.951 ; 4.979 ; 5.621 ; 5.649 ;
; SW[6]      ; HEX1[5]     ; 4.967 ; 5.020 ; 5.637 ; 5.690 ;
; SW[7]      ; HEX0[0]     ; 5.268 ; 5.253 ; 5.879 ; 5.863 ;
; SW[7]      ; HEX0[1]     ; 5.614 ; 5.654 ; 6.225 ; 6.264 ;
; SW[7]      ; HEX0[2]     ; 5.828 ; 5.881 ; 6.439 ; 6.491 ;
; SW[7]      ; HEX0[3]     ; 5.477 ; 5.501 ; 6.088 ; 6.112 ;
; SW[7]      ; HEX0[4]     ; 5.470 ; 5.459 ; 6.081 ; 6.070 ;
; SW[7]      ; HEX0[5]     ; 5.426 ; 5.501 ; 6.036 ; 6.112 ;
; SW[7]      ; HEX0[6]     ; 5.404 ; 5.439 ; 6.015 ; 6.050 ;
; SW[7]      ; HEX1[0]     ; 4.521 ; 4.549 ; 5.131 ; 5.159 ;
; SW[7]      ; HEX1[3]     ; 4.521 ; 4.549 ; 5.131 ; 5.159 ;
; SW[7]      ; HEX1[4]     ; 4.521 ; 4.549 ; 5.131 ; 5.159 ;
; SW[7]      ; HEX1[5]     ; 4.537 ; 4.590 ; 5.147 ; 5.200 ;
+------------+-------------+-------+-------+-------+-------+


+----------------------------------------------------------+
; Minimum Propagation Delay                                ;
+------------+-------------+-------+-------+-------+-------+
; Input Port ; Output Port ; RR    ; RF    ; FR    ; FF    ;
+------------+-------------+-------+-------+-------+-------+
; SW[0]      ; HEX0[0]     ; 4.495 ; 4.520 ; 5.075 ; 5.100 ;
; SW[0]      ; HEX0[1]     ; 4.247 ; 4.304 ; 4.827 ; 4.884 ;
; SW[0]      ; HEX0[2]     ; 4.446 ; 4.503 ; 5.026 ; 5.083 ;
; SW[0]      ; HEX0[3]     ; 4.694 ; 4.730 ; 5.274 ; 5.310 ;
; SW[0]      ; HEX0[4]     ; 4.678 ; 4.779 ; 5.258 ; 5.378 ;
; SW[0]      ; HEX0[5]     ; 4.688 ; 4.795 ; 5.268 ; 5.394 ;
; SW[0]      ; HEX0[6]     ; 4.638 ; 4.740 ; 5.218 ; 5.339 ;
; SW[0]      ; HEX1[0]     ; 4.463 ; 4.517 ; 5.075 ; 5.113 ;
; SW[0]      ; HEX1[3]     ; 4.463 ; 4.517 ; 5.075 ; 5.113 ;
; SW[0]      ; HEX1[4]     ; 4.463 ; 4.517 ; 5.075 ; 5.113 ;
; SW[0]      ; HEX1[5]     ; 4.477 ; 4.555 ; 5.089 ; 5.151 ;
; SW[1]      ; HEX0[0]     ; 4.565 ; 4.591 ; 5.167 ; 5.177 ;
; SW[1]      ; HEX0[1]     ; 4.357 ; 4.387 ; 4.959 ; 4.989 ;
; SW[1]      ; HEX0[2]     ; 4.567 ; 4.617 ; 5.169 ; 5.219 ;
; SW[1]      ; HEX0[3]     ; 4.742 ; 4.776 ; 5.328 ; 5.378 ;
; SW[1]      ; HEX0[4]     ; 4.729 ; 4.769 ; 5.315 ; 5.371 ;
; SW[1]      ; HEX0[5]     ; 4.736 ; 4.774 ; 5.322 ; 5.376 ;
; SW[1]      ; HEX0[6]     ; 4.686 ; 4.714 ; 5.272 ; 5.316 ;
; SW[1]      ; HEX1[0]     ; 4.380 ; 4.436 ; 4.982 ; 5.022 ;
; SW[1]      ; HEX1[3]     ; 4.380 ; 4.436 ; 4.982 ; 5.022 ;
; SW[1]      ; HEX1[4]     ; 4.380 ; 4.436 ; 4.982 ; 5.022 ;
; SW[1]      ; HEX1[5]     ; 4.394 ; 4.474 ; 4.996 ; 5.060 ;
; SW[2]      ; HEX0[0]     ; 4.478 ; 4.509 ; 5.064 ; 5.108 ;
; SW[2]      ; HEX0[1]     ; 4.330 ; 4.360 ; 4.938 ; 4.968 ;
; SW[2]      ; HEX0[2]     ; 4.535 ; 4.585 ; 5.143 ; 5.193 ;
; SW[2]      ; HEX0[3]     ; 4.676 ; 4.719 ; 5.262 ; 5.317 ;
; SW[2]      ; HEX0[4]     ; 4.667 ; 4.715 ; 5.272 ; 5.301 ;
; SW[2]      ; HEX0[5]     ; 4.677 ; 4.731 ; 5.282 ; 5.317 ;
; SW[2]      ; HEX0[6]     ; 4.627 ; 4.676 ; 5.232 ; 5.262 ;
; SW[2]      ; HEX1[0]     ; 4.351 ; 4.384 ; 4.937 ; 4.989 ;
; SW[2]      ; HEX1[3]     ; 4.351 ; 4.384 ; 4.937 ; 4.989 ;
; SW[2]      ; HEX1[4]     ; 4.351 ; 4.384 ; 4.937 ; 4.989 ;
; SW[2]      ; HEX1[5]     ; 4.365 ; 4.422 ; 4.951 ; 5.027 ;
; SW[3]      ; HEX0[0]     ; 4.605 ; 4.649 ; 5.231 ; 5.256 ;
; SW[3]      ; HEX0[1]     ; 4.486 ; 4.516 ; 5.168 ; 5.191 ;
; SW[3]      ; HEX0[2]     ; 4.718 ; 4.762 ; 5.356 ; 5.406 ;
; SW[3]      ; HEX0[3]     ; 4.803 ; 4.858 ; 5.430 ; 5.466 ;
; SW[3]      ; HEX0[4]     ; 4.832 ; 4.842 ; 5.414 ; 5.471 ;
; SW[3]      ; HEX0[5]     ; 4.842 ; 4.858 ; 5.424 ; 5.487 ;
; SW[3]      ; HEX0[6]     ; 4.792 ; 4.803 ; 5.374 ; 5.432 ;
; SW[3]      ; HEX1[0]     ; 4.424 ; 4.454 ; 5.036 ; 5.057 ;
; SW[3]      ; HEX1[3]     ; 4.424 ; 4.454 ; 5.036 ; 5.057 ;
; SW[3]      ; HEX1[4]     ; 4.424 ; 4.454 ; 5.036 ; 5.057 ;
; SW[3]      ; HEX1[5]     ; 4.438 ; 4.492 ; 5.050 ; 5.095 ;
; SW[4]      ; HEX0[0]     ; 4.333 ; 4.358 ; 4.912 ; 4.937 ;
; SW[4]      ; HEX0[1]     ; 4.085 ; 4.142 ; 4.664 ; 4.720 ;
; SW[4]      ; HEX0[2]     ; 4.284 ; 4.341 ; 4.863 ; 4.920 ;
; SW[4]      ; HEX0[3]     ; 4.532 ; 4.568 ; 5.111 ; 5.147 ;
; SW[4]      ; HEX0[4]     ; 4.516 ; 4.621 ; 5.095 ; 5.193 ;
; SW[4]      ; HEX0[5]     ; 4.526 ; 4.637 ; 5.105 ; 5.209 ;
; SW[4]      ; HEX0[6]     ; 4.476 ; 4.582 ; 5.055 ; 5.154 ;
; SW[4]      ; HEX1[0]     ; 4.253 ; 4.302 ; 4.831 ; 4.873 ;
; SW[4]      ; HEX1[3]     ; 4.253 ; 4.302 ; 4.831 ; 4.873 ;
; SW[4]      ; HEX1[4]     ; 4.253 ; 4.302 ; 4.831 ; 4.873 ;
; SW[4]      ; HEX1[5]     ; 4.267 ; 4.340 ; 4.845 ; 4.911 ;
; SW[5]      ; HEX0[0]     ; 4.732 ; 4.746 ; 5.330 ; 5.364 ;
; SW[5]      ; HEX0[1]     ; 4.524 ; 4.554 ; 5.122 ; 5.152 ;
; SW[5]      ; HEX0[2]     ; 4.734 ; 4.784 ; 5.332 ; 5.382 ;
; SW[5]      ; HEX0[3]     ; 4.897 ; 4.943 ; 5.515 ; 5.541 ;
; SW[5]      ; HEX0[4]     ; 4.884 ; 4.936 ; 5.502 ; 5.534 ;
; SW[5]      ; HEX0[5]     ; 4.891 ; 4.941 ; 5.509 ; 5.539 ;
; SW[5]      ; HEX0[6]     ; 4.841 ; 4.881 ; 5.459 ; 5.479 ;
; SW[5]      ; HEX1[0]     ; 4.547 ; 4.591 ; 5.145 ; 5.209 ;
; SW[5]      ; HEX1[3]     ; 4.547 ; 4.591 ; 5.145 ; 5.209 ;
; SW[5]      ; HEX1[4]     ; 4.547 ; 4.591 ; 5.145 ; 5.209 ;
; SW[5]      ; HEX1[5]     ; 4.561 ; 4.629 ; 5.159 ; 5.247 ;
; SW[6]      ; HEX0[0]     ; 4.458 ; 4.501 ; 5.070 ; 5.108 ;
; SW[6]      ; HEX0[1]     ; 4.339 ; 4.369 ; 4.948 ; 4.978 ;
; SW[6]      ; HEX0[2]     ; 4.544 ; 4.594 ; 5.153 ; 5.203 ;
; SW[6]      ; HEX0[3]     ; 4.656 ; 4.711 ; 5.268 ; 5.318 ;
; SW[6]      ; HEX0[4]     ; 4.659 ; 4.695 ; 5.266 ; 5.307 ;
; SW[6]      ; HEX0[5]     ; 4.669 ; 4.711 ; 5.276 ; 5.323 ;
; SW[6]      ; HEX0[6]     ; 4.619 ; 4.656 ; 5.226 ; 5.268 ;
; SW[6]      ; HEX1[0]     ; 4.331 ; 4.376 ; 4.943 ; 4.983 ;
; SW[6]      ; HEX1[3]     ; 4.331 ; 4.376 ; 4.943 ; 4.983 ;
; SW[6]      ; HEX1[4]     ; 4.331 ; 4.376 ; 4.943 ; 4.983 ;
; SW[6]      ; HEX1[5]     ; 4.345 ; 4.414 ; 4.957 ; 5.021 ;
; SW[7]      ; HEX0[0]     ; 4.409 ; 4.432 ; 4.993 ; 5.016 ;
; SW[7]      ; HEX0[1]     ; 4.391 ; 4.421 ; 5.070 ; 5.094 ;
; SW[7]      ; HEX0[2]     ; 4.623 ; 4.667 ; 5.259 ; 5.309 ;
; SW[7]      ; HEX0[3]     ; 4.581 ; 4.644 ; 5.165 ; 5.228 ;
; SW[7]      ; HEX0[4]     ; 4.572 ; 4.647 ; 5.156 ; 5.231 ;
; SW[7]      ; HEX0[5]     ; 4.574 ; 4.643 ; 5.158 ; 5.227 ;
; SW[7]      ; HEX0[6]     ; 4.522 ; 4.581 ; 5.106 ; 5.165 ;
; SW[7]      ; HEX1[0]     ; 4.300 ; 4.321 ; 4.885 ; 4.906 ;
; SW[7]      ; HEX1[3]     ; 4.300 ; 4.321 ; 4.885 ; 4.906 ;
; SW[7]      ; HEX1[4]     ; 4.300 ; 4.321 ; 4.885 ; 4.906 ;
; SW[7]      ; HEX1[5]     ; 4.314 ; 4.359 ; 4.899 ; 4.944 ;
+------------+-------------+-------+-------+-------+-------+


---------------------------------------------
; Fast 1200mV 0C Model Metastability Report ;
---------------------------------------------
No synchronizer chains to report.


+----------------------------------------------------------------------------+
; Multicorner Timing Analysis Summary                                        ;
+------------------+-------+------+----------+---------+---------------------+
; Clock            ; Setup ; Hold ; Recovery ; Removal ; Minimum Pulse Width ;
+------------------+-------+------+----------+---------+---------------------+
; Worst-case Slack ; N/A   ; N/A  ; N/A      ; N/A     ; N/A                 ;
; Design-wide TNS  ; 0.0   ; 0.0  ; 0.0      ; 0.0     ; 0.0                 ;
+------------------+-------+------+----------+---------+---------------------+


+--------------------------------------------------------------+
; Progagation Delay                                            ;
+------------+-------------+--------+--------+--------+--------+
; Input Port ; Output Port ; RR     ; RF     ; FR     ; FF     ;
+------------+-------------+--------+--------+--------+--------+
; SW[0]      ; HEX0[0]     ; 10.158 ; 10.054 ; 10.669 ; 10.598 ;
; SW[0]      ; HEX0[1]     ; 10.807 ; 10.775 ; 11.318 ; 11.319 ;
; SW[0]      ; HEX0[2]     ; 11.200 ; 11.118 ; 11.711 ; 11.662 ;
; SW[0]      ; HEX0[3]     ; 10.533 ; 10.459 ; 11.044 ; 10.970 ;
; SW[0]      ; HEX0[4]     ; 10.538 ; 10.377 ; 11.049 ; 10.919 ;
; SW[0]      ; HEX0[5]     ; 10.483 ; 10.467 ; 11.027 ; 10.978 ;
; SW[0]      ; HEX0[6]     ; 10.439 ; 10.371 ; 10.950 ; 10.882 ;
; SW[0]      ; HEX1[0]     ; 8.852  ; 8.807  ; 9.396  ; 9.351  ;
; SW[0]      ; HEX1[3]     ; 8.852  ; 8.804  ; 9.396  ; 9.348  ;
; SW[0]      ; HEX1[4]     ; 8.852  ; 8.804  ; 9.396  ; 9.348  ;
; SW[0]      ; HEX1[5]     ; 8.918  ; 8.883  ; 9.462  ; 9.427  ;
; SW[1]      ; HEX0[0]     ; 10.079 ; 9.975  ; 10.555 ; 10.484 ;
; SW[1]      ; HEX0[1]     ; 10.728 ; 10.696 ; 11.204 ; 11.205 ;
; SW[1]      ; HEX0[2]     ; 11.121 ; 11.039 ; 11.597 ; 11.548 ;
; SW[1]      ; HEX0[3]     ; 10.454 ; 10.380 ; 10.930 ; 10.856 ;
; SW[1]      ; HEX0[4]     ; 10.459 ; 10.298 ; 10.935 ; 10.805 ;
; SW[1]      ; HEX0[5]     ; 10.404 ; 10.388 ; 10.913 ; 10.864 ;
; SW[1]      ; HEX0[6]     ; 10.360 ; 10.292 ; 10.836 ; 10.768 ;
; SW[1]      ; HEX1[0]     ; 8.773  ; 8.728  ; 9.282  ; 9.237  ;
; SW[1]      ; HEX1[3]     ; 8.773  ; 8.725  ; 9.282  ; 9.234  ;
; SW[1]      ; HEX1[4]     ; 8.773  ; 8.725  ; 9.282  ; 9.234  ;
; SW[1]      ; HEX1[5]     ; 8.839  ; 8.804  ; 9.348  ; 9.313  ;
; SW[2]      ; HEX0[0]     ; 9.805  ; 9.701  ; 10.311 ; 10.240 ;
; SW[2]      ; HEX0[1]     ; 10.454 ; 10.422 ; 10.960 ; 10.961 ;
; SW[2]      ; HEX0[2]     ; 10.847 ; 10.765 ; 11.353 ; 11.304 ;
; SW[2]      ; HEX0[3]     ; 10.180 ; 10.106 ; 10.686 ; 10.612 ;
; SW[2]      ; HEX0[4]     ; 10.185 ; 10.024 ; 10.691 ; 10.561 ;
; SW[2]      ; HEX0[5]     ; 10.130 ; 10.114 ; 10.669 ; 10.620 ;
; SW[2]      ; HEX0[6]     ; 10.086 ; 10.018 ; 10.592 ; 10.524 ;
; SW[2]      ; HEX1[0]     ; 8.499  ; 8.454  ; 9.038  ; 8.993  ;
; SW[2]      ; HEX1[3]     ; 8.499  ; 8.451  ; 9.038  ; 8.990  ;
; SW[2]      ; HEX1[4]     ; 8.499  ; 8.451  ; 9.038  ; 8.990  ;
; SW[2]      ; HEX1[5]     ; 8.565  ; 8.530  ; 9.104  ; 9.069  ;
; SW[3]      ; HEX0[0]     ; 9.298  ; 9.192  ; 9.736  ; 9.611  ;
; SW[3]      ; HEX0[1]     ; 9.947  ; 9.913  ; 10.385 ; 10.346 ;
; SW[3]      ; HEX0[2]     ; 10.340 ; 10.256 ; 10.778 ; 10.689 ;
; SW[3]      ; HEX0[3]     ; 9.673  ; 9.599  ; 10.111 ; 10.037 ;
; SW[3]      ; HEX0[4]     ; 9.678  ; 9.517  ; 10.116 ; 9.955  ;
; SW[3]      ; HEX0[5]     ; 9.621  ; 9.607  ; 10.037 ; 10.045 ;
; SW[3]      ; HEX0[6]     ; 9.579  ; 9.511  ; 10.017 ; 9.949  ;
; SW[3]      ; HEX1[0]     ; 7.990  ; 7.945  ; 8.406  ; 8.364  ;
; SW[3]      ; HEX1[3]     ; 7.990  ; 7.942  ; 8.406  ; 8.361  ;
; SW[3]      ; HEX1[4]     ; 7.990  ; 7.942  ; 8.406  ; 8.361  ;
; SW[3]      ; HEX1[5]     ; 8.056  ; 8.021  ; 8.472  ; 8.440  ;
; SW[4]      ; HEX0[0]     ; 9.798  ; 9.694  ; 10.235 ; 10.164 ;
; SW[4]      ; HEX0[1]     ; 10.447 ; 10.415 ; 10.884 ; 10.885 ;
; SW[4]      ; HEX0[2]     ; 10.840 ; 10.758 ; 11.277 ; 11.228 ;
; SW[4]      ; HEX0[3]     ; 10.173 ; 10.099 ; 10.610 ; 10.536 ;
; SW[4]      ; HEX0[4]     ; 10.178 ; 10.017 ; 10.615 ; 10.485 ;
; SW[4]      ; HEX0[5]     ; 10.123 ; 10.107 ; 10.593 ; 10.544 ;
; SW[4]      ; HEX0[6]     ; 10.079 ; 10.011 ; 10.516 ; 10.448 ;
; SW[4]      ; HEX1[0]     ; 8.492  ; 8.447  ; 8.962  ; 8.917  ;
; SW[4]      ; HEX1[3]     ; 8.492  ; 8.444  ; 8.962  ; 8.914  ;
; SW[4]      ; HEX1[4]     ; 8.492  ; 8.444  ; 8.962  ; 8.914  ;
; SW[4]      ; HEX1[5]     ; 8.558  ; 8.523  ; 9.028  ; 8.993  ;
; SW[5]      ; HEX0[0]     ; 10.297 ; 10.193 ; 10.790 ; 10.719 ;
; SW[5]      ; HEX0[1]     ; 10.946 ; 10.914 ; 11.439 ; 11.440 ;
; SW[5]      ; HEX0[2]     ; 11.339 ; 11.257 ; 11.832 ; 11.783 ;
; SW[5]      ; HEX0[3]     ; 10.672 ; 10.598 ; 11.165 ; 11.091 ;
; SW[5]      ; HEX0[4]     ; 10.677 ; 10.516 ; 11.170 ; 11.040 ;
; SW[5]      ; HEX0[5]     ; 10.622 ; 10.606 ; 11.148 ; 11.099 ;
; SW[5]      ; HEX0[6]     ; 10.578 ; 10.510 ; 11.071 ; 11.003 ;
; SW[5]      ; HEX1[0]     ; 8.991  ; 8.946  ; 9.517  ; 9.472  ;
; SW[5]      ; HEX1[3]     ; 8.991  ; 8.943  ; 9.517  ; 9.469  ;
; SW[5]      ; HEX1[4]     ; 8.991  ; 8.943  ; 9.517  ; 9.469  ;
; SW[5]      ; HEX1[5]     ; 9.057  ; 9.022  ; 9.583  ; 9.548  ;
; SW[6]      ; HEX0[0]     ; 9.827  ; 9.723  ; 10.323 ; 10.252 ;
; SW[6]      ; HEX0[1]     ; 10.476 ; 10.444 ; 10.972 ; 10.973 ;
; SW[6]      ; HEX0[2]     ; 10.869 ; 10.787 ; 11.365 ; 11.316 ;
; SW[6]      ; HEX0[3]     ; 10.202 ; 10.128 ; 10.698 ; 10.624 ;
; SW[6]      ; HEX0[4]     ; 10.207 ; 10.046 ; 10.703 ; 10.573 ;
; SW[6]      ; HEX0[5]     ; 10.152 ; 10.136 ; 10.681 ; 10.632 ;
; SW[6]      ; HEX0[6]     ; 10.108 ; 10.040 ; 10.604 ; 10.536 ;
; SW[6]      ; HEX1[0]     ; 8.521  ; 8.476  ; 9.050  ; 9.005  ;
; SW[6]      ; HEX1[3]     ; 8.521  ; 8.473  ; 9.050  ; 9.002  ;
; SW[6]      ; HEX1[4]     ; 8.521  ; 8.473  ; 9.050  ; 9.002  ;
; SW[6]      ; HEX1[5]     ; 8.587  ; 8.552  ; 9.116  ; 9.081  ;
; SW[7]      ; HEX0[0]     ; 9.051  ; 8.948  ; 9.497  ; 9.393  ;
; SW[7]      ; HEX0[1]     ; 9.700  ; 9.669  ; 10.146 ; 10.114 ;
; SW[7]      ; HEX0[2]     ; 10.093 ; 10.012 ; 10.539 ; 10.457 ;
; SW[7]      ; HEX0[3]     ; 9.426  ; 9.352  ; 9.872  ; 9.798  ;
; SW[7]      ; HEX0[4]     ; 9.431  ; 9.270  ; 9.877  ; 9.716  ;
; SW[7]      ; HEX0[5]     ; 9.377  ; 9.360  ; 9.822  ; 9.806  ;
; SW[7]      ; HEX0[6]     ; 9.332  ; 9.264  ; 9.778  ; 9.710  ;
; SW[7]      ; HEX1[0]     ; 7.746  ; 7.701  ; 8.191  ; 8.146  ;
; SW[7]      ; HEX1[3]     ; 7.746  ; 7.698  ; 8.191  ; 8.143  ;
; SW[7]      ; HEX1[4]     ; 7.746  ; 7.698  ; 8.191  ; 8.143  ;
; SW[7]      ; HEX1[5]     ; 7.812  ; 7.777  ; 8.257  ; 8.222  ;
+------------+-------------+--------+--------+--------+--------+


+----------------------------------------------------------+
; Minimum Progagation Delay                                ;
+------------+-------------+-------+-------+-------+-------+
; Input Port ; Output Port ; RR    ; RF    ; FR    ; FF    ;
+------------+-------------+-------+-------+-------+-------+
; SW[0]      ; HEX0[0]     ; 4.495 ; 4.520 ; 5.075 ; 5.100 ;
; SW[0]      ; HEX0[1]     ; 4.247 ; 4.304 ; 4.827 ; 4.884 ;
; SW[0]      ; HEX0[2]     ; 4.446 ; 4.503 ; 5.026 ; 5.083 ;
; SW[0]      ; HEX0[3]     ; 4.694 ; 4.730 ; 5.274 ; 5.310 ;
; SW[0]      ; HEX0[4]     ; 4.678 ; 4.779 ; 5.258 ; 5.378 ;
; SW[0]      ; HEX0[5]     ; 4.688 ; 4.795 ; 5.268 ; 5.394 ;
; SW[0]      ; HEX0[6]     ; 4.638 ; 4.740 ; 5.218 ; 5.339 ;
; SW[0]      ; HEX1[0]     ; 4.463 ; 4.517 ; 5.075 ; 5.113 ;
; SW[0]      ; HEX1[3]     ; 4.463 ; 4.517 ; 5.075 ; 5.113 ;
; SW[0]      ; HEX1[4]     ; 4.463 ; 4.517 ; 5.075 ; 5.113 ;
; SW[0]      ; HEX1[5]     ; 4.477 ; 4.555 ; 5.089 ; 5.151 ;
; SW[1]      ; HEX0[0]     ; 4.565 ; 4.591 ; 5.167 ; 5.177 ;
; SW[1]      ; HEX0[1]     ; 4.357 ; 4.387 ; 4.959 ; 4.989 ;
; SW[1]      ; HEX0[2]     ; 4.567 ; 4.617 ; 5.169 ; 5.219 ;
; SW[1]      ; HEX0[3]     ; 4.742 ; 4.776 ; 5.328 ; 5.378 ;
; SW[1]      ; HEX0[4]     ; 4.729 ; 4.769 ; 5.315 ; 5.371 ;
; SW[1]      ; HEX0[5]     ; 4.736 ; 4.774 ; 5.322 ; 5.376 ;
; SW[1]      ; HEX0[6]     ; 4.686 ; 4.714 ; 5.272 ; 5.316 ;
; SW[1]      ; HEX1[0]     ; 4.380 ; 4.436 ; 4.982 ; 5.022 ;
; SW[1]      ; HEX1[3]     ; 4.380 ; 4.436 ; 4.982 ; 5.022 ;
; SW[1]      ; HEX1[4]     ; 4.380 ; 4.436 ; 4.982 ; 5.022 ;
; SW[1]      ; HEX1[5]     ; 4.394 ; 4.474 ; 4.996 ; 5.060 ;
; SW[2]      ; HEX0[0]     ; 4.478 ; 4.509 ; 5.064 ; 5.108 ;
; SW[2]      ; HEX0[1]     ; 4.330 ; 4.360 ; 4.938 ; 4.968 ;
; SW[2]      ; HEX0[2]     ; 4.535 ; 4.585 ; 5.143 ; 5.193 ;
; SW[2]      ; HEX0[3]     ; 4.676 ; 4.719 ; 5.262 ; 5.317 ;
; SW[2]      ; HEX0[4]     ; 4.667 ; 4.715 ; 5.272 ; 5.301 ;
; SW[2]      ; HEX0[5]     ; 4.677 ; 4.731 ; 5.282 ; 5.317 ;
; SW[2]      ; HEX0[6]     ; 4.627 ; 4.676 ; 5.232 ; 5.262 ;
; SW[2]      ; HEX1[0]     ; 4.351 ; 4.384 ; 4.937 ; 4.989 ;
; SW[2]      ; HEX1[3]     ; 4.351 ; 4.384 ; 4.937 ; 4.989 ;
; SW[2]      ; HEX1[4]     ; 4.351 ; 4.384 ; 4.937 ; 4.989 ;
; SW[2]      ; HEX1[5]     ; 4.365 ; 4.422 ; 4.951 ; 5.027 ;
; SW[3]      ; HEX0[0]     ; 4.605 ; 4.649 ; 5.231 ; 5.256 ;
; SW[3]      ; HEX0[1]     ; 4.486 ; 4.516 ; 5.168 ; 5.191 ;
; SW[3]      ; HEX0[2]     ; 4.718 ; 4.762 ; 5.356 ; 5.406 ;
; SW[3]      ; HEX0[3]     ; 4.803 ; 4.858 ; 5.430 ; 5.466 ;
; SW[3]      ; HEX0[4]     ; 4.832 ; 4.842 ; 5.414 ; 5.471 ;
; SW[3]      ; HEX0[5]     ; 4.842 ; 4.858 ; 5.424 ; 5.487 ;
; SW[3]      ; HEX0[6]     ; 4.792 ; 4.803 ; 5.374 ; 5.432 ;
; SW[3]      ; HEX1[0]     ; 4.424 ; 4.454 ; 5.036 ; 5.057 ;
; SW[3]      ; HEX1[3]     ; 4.424 ; 4.454 ; 5.036 ; 5.057 ;
; SW[3]      ; HEX1[4]     ; 4.424 ; 4.454 ; 5.036 ; 5.057 ;
; SW[3]      ; HEX1[5]     ; 4.438 ; 4.492 ; 5.050 ; 5.095 ;
; SW[4]      ; HEX0[0]     ; 4.333 ; 4.358 ; 4.912 ; 4.937 ;
; SW[4]      ; HEX0[1]     ; 4.085 ; 4.142 ; 4.664 ; 4.720 ;
; SW[4]      ; HEX0[2]     ; 4.284 ; 4.341 ; 4.863 ; 4.920 ;
; SW[4]      ; HEX0[3]     ; 4.532 ; 4.568 ; 5.111 ; 5.147 ;
; SW[4]      ; HEX0[4]     ; 4.516 ; 4.621 ; 5.095 ; 5.193 ;
; SW[4]      ; HEX0[5]     ; 4.526 ; 4.637 ; 5.105 ; 5.209 ;
; SW[4]      ; HEX0[6]     ; 4.476 ; 4.582 ; 5.055 ; 5.154 ;
; SW[4]      ; HEX1[0]     ; 4.253 ; 4.302 ; 4.831 ; 4.873 ;
; SW[4]      ; HEX1[3]     ; 4.253 ; 4.302 ; 4.831 ; 4.873 ;
; SW[4]      ; HEX1[4]     ; 4.253 ; 4.302 ; 4.831 ; 4.873 ;
; SW[4]      ; HEX1[5]     ; 4.267 ; 4.340 ; 4.845 ; 4.911 ;
; SW[5]      ; HEX0[0]     ; 4.732 ; 4.746 ; 5.330 ; 5.364 ;
; SW[5]      ; HEX0[1]     ; 4.524 ; 4.554 ; 5.122 ; 5.152 ;
; SW[5]      ; HEX0[2]     ; 4.734 ; 4.784 ; 5.332 ; 5.382 ;
; SW[5]      ; HEX0[3]     ; 4.897 ; 4.943 ; 5.515 ; 5.541 ;
; SW[5]      ; HEX0[4]     ; 4.884 ; 4.936 ; 5.502 ; 5.534 ;
; SW[5]      ; HEX0[5]     ; 4.891 ; 4.941 ; 5.509 ; 5.539 ;
; SW[5]      ; HEX0[6]     ; 4.841 ; 4.881 ; 5.459 ; 5.479 ;
; SW[5]      ; HEX1[0]     ; 4.547 ; 4.591 ; 5.145 ; 5.209 ;
; SW[5]      ; HEX1[3]     ; 4.547 ; 4.591 ; 5.145 ; 5.209 ;
; SW[5]      ; HEX1[4]     ; 4.547 ; 4.591 ; 5.145 ; 5.209 ;
; SW[5]      ; HEX1[5]     ; 4.561 ; 4.629 ; 5.159 ; 5.247 ;
; SW[6]      ; HEX0[0]     ; 4.458 ; 4.501 ; 5.070 ; 5.108 ;
; SW[6]      ; HEX0[1]     ; 4.339 ; 4.369 ; 4.948 ; 4.978 ;
; SW[6]      ; HEX0[2]     ; 4.544 ; 4.594 ; 5.153 ; 5.203 ;
; SW[6]      ; HEX0[3]     ; 4.656 ; 4.711 ; 5.268 ; 5.318 ;
; SW[6]      ; HEX0[4]     ; 4.659 ; 4.695 ; 5.266 ; 5.307 ;
; SW[6]      ; HEX0[5]     ; 4.669 ; 4.711 ; 5.276 ; 5.323 ;
; SW[6]      ; HEX0[6]     ; 4.619 ; 4.656 ; 5.226 ; 5.268 ;
; SW[6]      ; HEX1[0]     ; 4.331 ; 4.376 ; 4.943 ; 4.983 ;
; SW[6]      ; HEX1[3]     ; 4.331 ; 4.376 ; 4.943 ; 4.983 ;
; SW[6]      ; HEX1[4]     ; 4.331 ; 4.376 ; 4.943 ; 4.983 ;
; SW[6]      ; HEX1[5]     ; 4.345 ; 4.414 ; 4.957 ; 5.021 ;
; SW[7]      ; HEX0[0]     ; 4.409 ; 4.432 ; 4.993 ; 5.016 ;
; SW[7]      ; HEX0[1]     ; 4.391 ; 4.421 ; 5.070 ; 5.094 ;
; SW[7]      ; HEX0[2]     ; 4.623 ; 4.667 ; 5.259 ; 5.309 ;
; SW[7]      ; HEX0[3]     ; 4.581 ; 4.644 ; 5.165 ; 5.228 ;
; SW[7]      ; HEX0[4]     ; 4.572 ; 4.647 ; 5.156 ; 5.231 ;
; SW[7]      ; HEX0[5]     ; 4.574 ; 4.643 ; 5.158 ; 5.227 ;
; SW[7]      ; HEX0[6]     ; 4.522 ; 4.581 ; 5.106 ; 5.165 ;
; SW[7]      ; HEX1[0]     ; 4.300 ; 4.321 ; 4.885 ; 4.906 ;
; SW[7]      ; HEX1[3]     ; 4.300 ; 4.321 ; 4.885 ; 4.906 ;
; SW[7]      ; HEX1[4]     ; 4.300 ; 4.321 ; 4.885 ; 4.906 ;
; SW[7]      ; HEX1[5]     ; 4.314 ; 4.359 ; 4.899 ; 4.944 ;
+------------+-------------+-------+-------+-------+-------+


+------------------------------------------------------------------------------------------------------------------------------------------------------------------------------------------------------------------------------------------------------------------------------------------------------------------------------------------------------------------------------------------------------------------+
; Board Trace Model Assignments                                                                                                                                                                                                                                                                                                                                                                                    ;
+---------------+--------------+-------------------+-------------------------+-------------------------+---------------+---------------------+----------------+------------------+--------+------------------+------------------------+------------------------+--------------+---------------+-----------------+-------+---------------------+--------------------+---------------+-----------------+-------------+
; Pin           ; I/O Standard ; Near Tline Length ; Near Tline L per Length ; Near Tline C per Length ; Near Series R ; Near Differential R ; Near Pull-up R ; Near Pull-down R ; Near C ; Far Tline Length ; Far Tline L per Length ; Far Tline C per Length ; Far Series R ; Far Pull-up R ; Far Pull-down R ; Far C ; Termination Voltage ; Far Differential R ; EBD File Name ; EBD Signal Name ; EBD Far-end ;
+---------------+--------------+-------------------+-------------------------+-------------------------+---------------+---------------------+----------------+------------------+--------+------------------+------------------------+------------------------+--------------+---------------+-----------------+-------+---------------------+--------------------+---------------+-----------------+-------------+
; HEX1[6]       ; 2.5 V        ; 0 in              ; 0 H/in                  ; 0 F/in                  ; short         ; -                   ; open           ; open             ; open   ; 0 in             ; 0 H/in                 ; 0 F/in                 ; short        ; open          ; open            ; open  ; 0 V                 ; -                  ; n/a           ; n/a             ; n/a         ;
; HEX1[5]       ; 2.5 V        ; 0 in              ; 0 H/in                  ; 0 F/in                  ; short         ; -                   ; open           ; open             ; open   ; 0 in             ; 0 H/in                 ; 0 F/in                 ; short        ; open          ; open            ; open  ; 0 V                 ; -                  ; n/a           ; n/a             ; n/a         ;
; HEX1[4]       ; 2.5 V        ; 0 in              ; 0 H/in                  ; 0 F/in                  ; short         ; -                   ; open           ; open             ; open   ; 0 in             ; 0 H/in                 ; 0 F/in                 ; short        ; open          ; open            ; open  ; 0 V                 ; -                  ; n/a           ; n/a             ; n/a         ;
; HEX1[3]       ; 2.5 V        ; 0 in              ; 0 H/in                  ; 0 F/in                  ; short         ; -                   ; open           ; open             ; open   ; 0 in             ; 0 H/in                 ; 0 F/in                 ; short        ; open          ; open            ; open  ; 0 V                 ; -                  ; n/a           ; n/a             ; n/a         ;
; HEX1[2]       ; 2.5 V        ; 0 in              ; 0 H/in                  ; 0 F/in                  ; short         ; -                   ; open           ; open             ; open   ; 0 in             ; 0 H/in                 ; 0 F/in                 ; short        ; open          ; open            ; open  ; 0 V                 ; -                  ; n/a           ; n/a             ; n/a         ;
; HEX1[1]       ; 2.5 V        ; 0 in              ; 0 H/in                  ; 0 F/in                  ; short         ; -                   ; open           ; open             ; open   ; 0 in             ; 0 H/in                 ; 0 F/in                 ; short        ; open          ; open            ; open  ; 0 V                 ; -                  ; n/a           ; n/a             ; n/a         ;
; HEX1[0]       ; 2.5 V        ; 0 in              ; 0 H/in                  ; 0 F/in                  ; short         ; -                   ; open           ; open             ; open   ; 0 in             ; 0 H/in                 ; 0 F/in                 ; short        ; open          ; open            ; open  ; 0 V                 ; -                  ; n/a           ; n/a             ; n/a         ;
; HEX0[6]       ; 2.5 V        ; 0 in              ; 0 H/in                  ; 0 F/in                  ; short         ; -                   ; open           ; open             ; open   ; 0 in             ; 0 H/in                 ; 0 F/in                 ; short        ; open          ; open            ; open  ; 0 V                 ; -                  ; n/a           ; n/a             ; n/a         ;
; HEX0[5]       ; 2.5 V        ; 0 in              ; 0 H/in                  ; 0 F/in                  ; short         ; -                   ; open           ; open             ; open   ; 0 in             ; 0 H/in                 ; 0 F/in                 ; short        ; open          ; open            ; open  ; 0 V                 ; -                  ; n/a           ; n/a             ; n/a         ;
; HEX0[4]       ; 2.5 V        ; 0 in              ; 0 H/in                  ; 0 F/in                  ; short         ; -                   ; open           ; open             ; open   ; 0 in             ; 0 H/in                 ; 0 F/in                 ; short        ; open          ; open            ; open  ; 0 V                 ; -                  ; n/a           ; n/a             ; n/a         ;
; HEX0[3]       ; 2.5 V        ; 0 in              ; 0 H/in                  ; 0 F/in                  ; short         ; -                   ; open           ; open             ; open   ; 0 in             ; 0 H/in                 ; 0 F/in                 ; short        ; open          ; open            ; open  ; 0 V                 ; -                  ; n/a           ; n/a             ; n/a         ;
; HEX0[2]       ; 2.5 V        ; 0 in              ; 0 H/in                  ; 0 F/in                  ; short         ; -                   ; open           ; open             ; open   ; 0 in             ; 0 H/in                 ; 0 F/in                 ; short        ; open          ; open            ; open  ; 0 V                 ; -                  ; n/a           ; n/a             ; n/a         ;
; HEX0[1]       ; 2.5 V        ; 0 in              ; 0 H/in                  ; 0 F/in                  ; short         ; -                   ; open           ; open             ; open   ; 0 in             ; 0 H/in                 ; 0 F/in                 ; short        ; open          ; open            ; open  ; 0 V                 ; -                  ; n/a           ; n/a             ; n/a         ;
; HEX0[0]       ; 2.5 V        ; 0 in              ; 0 H/in                  ; 0 F/in                  ; short         ; -                   ; open           ; open             ; open   ; 0 in             ; 0 H/in                 ; 0 F/in                 ; short        ; open          ; open            ; open  ; 0 V                 ; -                  ; n/a           ; n/a             ; n/a         ;
; ~ALTERA_DCLK~ ; 2.5 V        ; 0 in              ; 0 H/in                  ; 0 F/in                  ; short         ; -                   ; open           ; open             ; open   ; 0 in             ; 0 H/in                 ; 0 F/in                 ; short        ; open          ; open            ; open  ; 0 V                 ; -                  ; n/a           ; n/a             ; n/a         ;
; ~ALTERA_nCEO~ ; 2.5 V        ; 0 in              ; 0 H/in                  ; 0 F/in                  ; short         ; -                   ; open           ; open             ; open   ; 0 in             ; 0 H/in                 ; 0 F/in                 ; short        ; open          ; open            ; open  ; 0 V                 ; -                  ; n/a           ; n/a             ; n/a         ;
+---------------+--------------+-------------------+-------------------------+-------------------------+---------------+---------------------+----------------+------------------+--------+------------------+------------------------+------------------------+--------------+---------------+-----------------+-------+---------------------+--------------------+---------------+-----------------+-------------+


+----------------------------------------------------------------------------+
; Input Transition Times                                                     ;
+-------------------------+--------------+-----------------+-----------------+
; Pin                     ; I/O Standard ; 10-90 Rise Time ; 90-10 Fall Time ;
+-------------------------+--------------+-----------------+-----------------+
; SW[4]                   ; 2.5 V        ; 2000 ps         ; 2000 ps         ;
; SW[0]                   ; 2.5 V        ; 2000 ps         ; 2000 ps         ;
; SW[1]                   ; 2.5 V        ; 2000 ps         ; 2000 ps         ;
; SW[5]                   ; 2.5 V        ; 2000 ps         ; 2000 ps         ;
; SW[2]                   ; 2.5 V        ; 2000 ps         ; 2000 ps         ;
; SW[6]                   ; 2.5 V        ; 2000 ps         ; 2000 ps         ;
; SW[3]                   ; 2.5 V        ; 2000 ps         ; 2000 ps         ;
; SW[7]                   ; 2.5 V        ; 2000 ps         ; 2000 ps         ;
; ~ALTERA_ASDO_DATA1~     ; 2.5 V        ; 2000 ps         ; 2000 ps         ;
; ~ALTERA_FLASH_nCE_nCSO~ ; 2.5 V        ; 2000 ps         ; 2000 ps         ;
; ~ALTERA_DATA0~          ; 2.5 V        ; 2000 ps         ; 2000 ps         ;
+-------------------------+--------------+-----------------+-----------------+


+--------------------------------------------------------------------------------------------------------------------------------------------------------------------------------------------------------------------------------------------------------------------------------------------------------------------------------------------------------------------------------------------------------------------------------------------------------------------------------------------------------------------------------------------------------------------------------------------------------------------------------------------------------------------------------------------+
; Slow Corner Signal Integrity Metrics                                                                                                                                                                                                                                                                                                                                                                                                                                                                                                                                                                                                                                                       ;
+---------------+--------------+---------------------+---------------------+------------------------------+------------------------------+---------------------+---------------------+--------------------------------------+--------------------------------------+-----------------------------+-----------------------------+----------------------------+----------------------------+-----------------------------+-----------------------------+--------------------+--------------------+-------------------------------------+-------------------------------------+----------------------------+----------------------------+---------------------------+---------------------------+
; Pin           ; I/O Standard ; Board Delay on Rise ; Board Delay on Fall ; Steady State Voh at FPGA Pin ; Steady State Vol at FPGA Pin ; Voh Max at FPGA Pin ; Vol Min at FPGA Pin ; Ringback Voltage on Rise at FPGA Pin ; Ringback Voltage on Fall at FPGA Pin ; 10-90 Rise Time at FPGA Pin ; 90-10 Fall Time at FPGA Pin ; Monotonic Rise at FPGA Pin ; Monotonic Fall at FPGA Pin ; Steady State Voh at Far-end ; Steady State Vol at Far-end ; Voh Max at Far-end ; Vol Min at Far-end ; Ringback Voltage on Rise at Far-end ; Ringback Voltage on Fall at Far-end ; 10-90 Rise Time at Far-end ; 90-10 Fall Time at Far-end ; Monotonic Rise at Far-end ; Monotonic Fall at Far-end ;
+---------------+--------------+---------------------+---------------------+------------------------------+------------------------------+---------------------+---------------------+--------------------------------------+--------------------------------------+-----------------------------+-----------------------------+----------------------------+----------------------------+-----------------------------+-----------------------------+--------------------+--------------------+-------------------------------------+-------------------------------------+----------------------------+----------------------------+---------------------------+---------------------------+
; HEX1[6]       ; 2.5 V        ; 0 s                 ; 0 s                 ; 2.32 V                       ; 1.08e-06 V                   ; 2.36 V              ; -0.0113 V           ; 0.122 V                              ; 0.022 V                              ; 4.5e-10 s                   ; 4.45e-10 s                  ; Yes                        ; Yes                        ; 2.32 V                      ; 1.08e-06 V                  ; 2.36 V             ; -0.0113 V          ; 0.122 V                             ; 0.022 V                             ; 4.5e-10 s                  ; 4.45e-10 s                 ; Yes                       ; Yes                       ;
; HEX1[5]       ; 2.5 V        ; 0 s                 ; 0 s                 ; 2.32 V                       ; 1.08e-06 V                   ; 2.36 V              ; -0.0113 V           ; 0.122 V                              ; 0.022 V                              ; 4.5e-10 s                   ; 4.45e-10 s                  ; Yes                        ; Yes                        ; 2.32 V                      ; 1.08e-06 V                  ; 2.36 V             ; -0.0113 V          ; 0.122 V                             ; 0.022 V                             ; 4.5e-10 s                  ; 4.45e-10 s                 ; Yes                       ; Yes                       ;
; HEX1[4]       ; 2.5 V        ; 0 s                 ; 0 s                 ; 2.32 V                       ; 1.08e-06 V                   ; 2.36 V              ; -0.0113 V           ; 0.122 V                              ; 0.022 V                              ; 4.5e-10 s                   ; 4.45e-10 s                  ; Yes                        ; Yes                        ; 2.32 V                      ; 1.08e-06 V                  ; 2.36 V             ; -0.0113 V          ; 0.122 V                             ; 0.022 V                             ; 4.5e-10 s                  ; 4.45e-10 s                 ; Yes                       ; Yes                       ;
; HEX1[3]       ; 2.5 V        ; 0 s                 ; 0 s                 ; 2.32 V                       ; 1.08e-06 V                   ; 2.36 V              ; -0.0113 V           ; 0.122 V                              ; 0.022 V                              ; 4.5e-10 s                   ; 4.45e-10 s                  ; Yes                        ; Yes                        ; 2.32 V                      ; 1.08e-06 V                  ; 2.36 V             ; -0.0113 V          ; 0.122 V                             ; 0.022 V                             ; 4.5e-10 s                  ; 4.45e-10 s                 ; Yes                       ; Yes                       ;
; HEX1[2]       ; 2.5 V        ; 0 s                 ; 0 s                 ; 2.32 V                       ; 1.08e-06 V                   ; 2.36 V              ; -0.0113 V           ; 0.122 V                              ; 0.022 V                              ; 4.5e-10 s                   ; 4.45e-10 s                  ; Yes                        ; Yes                        ; 2.32 V                      ; 1.08e-06 V                  ; 2.36 V             ; -0.0113 V          ; 0.122 V                             ; 0.022 V                             ; 4.5e-10 s                  ; 4.45e-10 s                 ; Yes                       ; Yes                       ;
; HEX1[1]       ; 2.5 V        ; 0 s                 ; 0 s                 ; 2.32 V                       ; 1.08e-06 V                   ; 2.36 V              ; -0.0113 V           ; 0.122 V                              ; 0.022 V                              ; 4.5e-10 s                   ; 4.45e-10 s                  ; Yes                        ; Yes                        ; 2.32 V                      ; 1.08e-06 V                  ; 2.36 V             ; -0.0113 V          ; 0.122 V                             ; 0.022 V                             ; 4.5e-10 s                  ; 4.45e-10 s                 ; Yes                       ; Yes                       ;
; HEX1[0]       ; 2.5 V        ; 0 s                 ; 0 s                 ; 2.32 V                       ; 1.08e-06 V                   ; 2.36 V              ; -0.0113 V           ; 0.122 V                              ; 0.022 V                              ; 4.5e-10 s                   ; 4.45e-10 s                  ; Yes                        ; Yes                        ; 2.32 V                      ; 1.08e-06 V                  ; 2.36 V             ; -0.0113 V          ; 0.122 V                             ; 0.022 V                             ; 4.5e-10 s                  ; 4.45e-10 s                 ; Yes                       ; Yes                       ;
; HEX0[6]       ; 2.5 V        ; 0 s                 ; 0 s                 ; 2.32 V                       ; 1.08e-06 V                   ; 2.36 V              ; -0.0113 V           ; 0.122 V                              ; 0.022 V                              ; 4.5e-10 s                   ; 4.45e-10 s                  ; Yes                        ; Yes                        ; 2.32 V                      ; 1.08e-06 V                  ; 2.36 V             ; -0.0113 V          ; 0.122 V                             ; 0.022 V                             ; 4.5e-10 s                  ; 4.45e-10 s                 ; Yes                       ; Yes                       ;
; HEX0[5]       ; 2.5 V        ; 0 s                 ; 0 s                 ; 2.32 V                       ; 1.08e-06 V                   ; 2.36 V              ; -0.0113 V           ; 0.122 V                              ; 0.022 V                              ; 4.5e-10 s                   ; 4.45e-10 s                  ; Yes                        ; Yes                        ; 2.32 V                      ; 1.08e-06 V                  ; 2.36 V             ; -0.0113 V          ; 0.122 V                             ; 0.022 V                             ; 4.5e-10 s                  ; 4.45e-10 s                 ; Yes                       ; Yes                       ;
; HEX0[4]       ; 2.5 V        ; 0 s                 ; 0 s                 ; 2.32 V                       ; 1.08e-06 V                   ; 2.36 V              ; -0.0113 V           ; 0.122 V                              ; 0.022 V                              ; 4.5e-10 s                   ; 4.45e-10 s                  ; Yes                        ; Yes                        ; 2.32 V                      ; 1.08e-06 V                  ; 2.36 V             ; -0.0113 V          ; 0.122 V                             ; 0.022 V                             ; 4.5e-10 s                  ; 4.45e-10 s                 ; Yes                       ; Yes                       ;
; HEX0[3]       ; 2.5 V        ; 0 s                 ; 0 s                 ; 2.32 V                       ; 1.08e-06 V                   ; 2.36 V              ; -0.0113 V           ; 0.122 V                              ; 0.022 V                              ; 4.5e-10 s                   ; 4.45e-10 s                  ; Yes                        ; Yes                        ; 2.32 V                      ; 1.08e-06 V                  ; 2.36 V             ; -0.0113 V          ; 0.122 V                             ; 0.022 V                             ; 4.5e-10 s                  ; 4.45e-10 s                 ; Yes                       ; Yes                       ;
; HEX0[2]       ; 2.5 V        ; 0 s                 ; 0 s                 ; 2.32 V                       ; 1.08e-06 V                   ; 2.36 V              ; -0.0113 V           ; 0.122 V                              ; 0.022 V                              ; 4.5e-10 s                   ; 4.45e-10 s                  ; Yes                        ; Yes                        ; 2.32 V                      ; 1.08e-06 V                  ; 2.36 V             ; -0.0113 V          ; 0.122 V                             ; 0.022 V                             ; 4.5e-10 s                  ; 4.45e-10 s                 ; Yes                       ; Yes                       ;
; HEX0[1]       ; 2.5 V        ; 0 s                 ; 0 s                 ; 2.32 V                       ; 1.08e-06 V                   ; 2.36 V              ; -0.0113 V           ; 0.122 V                              ; 0.022 V                              ; 4.5e-10 s                   ; 4.45e-10 s                  ; Yes                        ; Yes                        ; 2.32 V                      ; 1.08e-06 V                  ; 2.36 V             ; -0.0113 V          ; 0.122 V                             ; 0.022 V                             ; 4.5e-10 s                  ; 4.45e-10 s                 ; Yes                       ; Yes                       ;
; HEX0[0]       ; 2.5 V        ; 0 s                 ; 0 s                 ; 2.32 V                       ; 1.08e-06 V                   ; 2.36 V              ; -0.0113 V           ; 0.122 V                              ; 0.022 V                              ; 4.5e-10 s                   ; 4.45e-10 s                  ; Yes                        ; Yes                        ; 2.32 V                      ; 1.08e-06 V                  ; 2.36 V             ; -0.0113 V          ; 0.122 V                             ; 0.022 V                             ; 4.5e-10 s                  ; 4.45e-10 s                 ; Yes                       ; Yes                       ;
; ~ALTERA_DCLK~ ; 2.5 V        ; 0 s                 ; 0 s                 ; 2.32 V                       ; 5.68e-07 V                   ; 2.35 V              ; -0.0132 V           ; 0.2 V                                ; 0.027 V                              ; 5.26e-10 s                  ; 4.81e-10 s                  ; Yes                        ; Yes                        ; 2.32 V                      ; 5.68e-07 V                  ; 2.35 V             ; -0.0132 V          ; 0.2 V                               ; 0.027 V                             ; 5.26e-10 s                 ; 4.81e-10 s                 ; Yes                       ; Yes                       ;
; ~ALTERA_nCEO~ ; 2.5 V        ; 0 s                 ; 0 s                 ; 2.32 V                       ; 9.36e-07 V                   ; 2.35 V              ; -0.00444 V          ; 0.18 V                               ; 0.019 V                              ; 7.23e-10 s                  ; 9.82e-10 s                  ; Yes                        ; Yes                        ; 2.32 V                      ; 9.36e-07 V                  ; 2.35 V             ; -0.00444 V         ; 0.18 V                              ; 0.019 V                             ; 7.23e-10 s                 ; 9.82e-10 s                 ; Yes                       ; Yes                       ;
+---------------+--------------+---------------------+---------------------+------------------------------+------------------------------+---------------------+---------------------+--------------------------------------+--------------------------------------+-----------------------------+-----------------------------+----------------------------+----------------------------+-----------------------------+-----------------------------+--------------------+--------------------+-------------------------------------+-------------------------------------+----------------------------+----------------------------+---------------------------+---------------------------+


+--------------------------------------------------------------------------------------------------------------------------------------------------------------------------------------------------------------------------------------------------------------------------------------------------------------------------------------------------------------------------------------------------------------------------------------------------------------------------------------------------------------------------------------------------------------------------------------------------------------------------------------------------------------------------------------------+
; Fast Corner Signal Integrity Metrics                                                                                                                                                                                                                                                                                                                                                                                                                                                                                                                                                                                                                                                       ;
+---------------+--------------+---------------------+---------------------+------------------------------+------------------------------+---------------------+---------------------+--------------------------------------+--------------------------------------+-----------------------------+-----------------------------+----------------------------+----------------------------+-----------------------------+-----------------------------+--------------------+--------------------+-------------------------------------+-------------------------------------+----------------------------+----------------------------+---------------------------+---------------------------+
; Pin           ; I/O Standard ; Board Delay on Rise ; Board Delay on Fall ; Steady State Voh at FPGA Pin ; Steady State Vol at FPGA Pin ; Voh Max at FPGA Pin ; Vol Min at FPGA Pin ; Ringback Voltage on Rise at FPGA Pin ; Ringback Voltage on Fall at FPGA Pin ; 10-90 Rise Time at FPGA Pin ; 90-10 Fall Time at FPGA Pin ; Monotonic Rise at FPGA Pin ; Monotonic Fall at FPGA Pin ; Steady State Voh at Far-end ; Steady State Vol at Far-end ; Voh Max at Far-end ; Vol Min at Far-end ; Ringback Voltage on Rise at Far-end ; Ringback Voltage on Fall at Far-end ; 10-90 Rise Time at Far-end ; 90-10 Fall Time at Far-end ; Monotonic Rise at Far-end ; Monotonic Fall at Far-end ;
+---------------+--------------+---------------------+---------------------+------------------------------+------------------------------+---------------------+---------------------+--------------------------------------+--------------------------------------+-----------------------------+-----------------------------+----------------------------+----------------------------+-----------------------------+-----------------------------+--------------------+--------------------+-------------------------------------+-------------------------------------+----------------------------+----------------------------+---------------------------+---------------------------+
; HEX1[6]       ; 2.5 V        ; 0 s                 ; 0 s                 ; 2.62 V                       ; 4.11e-08 V                   ; 2.73 V              ; -0.0566 V           ; 0.191 V                              ; 0.12 V                               ; 2.69e-10 s                  ; 2.76e-10 s                  ; Yes                        ; Yes                        ; 2.62 V                      ; 4.11e-08 V                  ; 2.73 V             ; -0.0566 V          ; 0.191 V                             ; 0.12 V                              ; 2.69e-10 s                 ; 2.76e-10 s                 ; Yes                       ; Yes                       ;
; HEX1[5]       ; 2.5 V        ; 0 s                 ; 0 s                 ; 2.62 V                       ; 4.11e-08 V                   ; 2.73 V              ; -0.0566 V           ; 0.191 V                              ; 0.12 V                               ; 2.69e-10 s                  ; 2.76e-10 s                  ; Yes                        ; Yes                        ; 2.62 V                      ; 4.11e-08 V                  ; 2.73 V             ; -0.0566 V          ; 0.191 V                             ; 0.12 V                              ; 2.69e-10 s                 ; 2.76e-10 s                 ; Yes                       ; Yes                       ;
; HEX1[4]       ; 2.5 V        ; 0 s                 ; 0 s                 ; 2.62 V                       ; 4.11e-08 V                   ; 2.73 V              ; -0.0566 V           ; 0.191 V                              ; 0.12 V                               ; 2.69e-10 s                  ; 2.76e-10 s                  ; Yes                        ; Yes                        ; 2.62 V                      ; 4.11e-08 V                  ; 2.73 V             ; -0.0566 V          ; 0.191 V                             ; 0.12 V                              ; 2.69e-10 s                 ; 2.76e-10 s                 ; Yes                       ; Yes                       ;
; HEX1[3]       ; 2.5 V        ; 0 s                 ; 0 s                 ; 2.62 V                       ; 4.11e-08 V                   ; 2.73 V              ; -0.0566 V           ; 0.191 V                              ; 0.12 V                               ; 2.69e-10 s                  ; 2.76e-10 s                  ; Yes                        ; Yes                        ; 2.62 V                      ; 4.11e-08 V                  ; 2.73 V             ; -0.0566 V          ; 0.191 V                             ; 0.12 V                              ; 2.69e-10 s                 ; 2.76e-10 s                 ; Yes                       ; Yes                       ;
; HEX1[2]       ; 2.5 V        ; 0 s                 ; 0 s                 ; 2.62 V                       ; 4.11e-08 V                   ; 2.73 V              ; -0.0566 V           ; 0.191 V                              ; 0.12 V                               ; 2.69e-10 s                  ; 2.76e-10 s                  ; Yes                        ; Yes                        ; 2.62 V                      ; 4.11e-08 V                  ; 2.73 V             ; -0.0566 V          ; 0.191 V                             ; 0.12 V                              ; 2.69e-10 s                 ; 2.76e-10 s                 ; Yes                       ; Yes                       ;
; HEX1[1]       ; 2.5 V        ; 0 s                 ; 0 s                 ; 2.62 V                       ; 4.11e-08 V                   ; 2.73 V              ; -0.0566 V           ; 0.191 V                              ; 0.12 V                               ; 2.69e-10 s                  ; 2.76e-10 s                  ; Yes                        ; Yes                        ; 2.62 V                      ; 4.11e-08 V                  ; 2.73 V             ; -0.0566 V          ; 0.191 V                             ; 0.12 V                              ; 2.69e-10 s                 ; 2.76e-10 s                 ; Yes                       ; Yes                       ;
; HEX1[0]       ; 2.5 V        ; 0 s                 ; 0 s                 ; 2.62 V                       ; 4.11e-08 V                   ; 2.73 V              ; -0.0566 V           ; 0.191 V                              ; 0.12 V                               ; 2.69e-10 s                  ; 2.76e-10 s                  ; Yes                        ; Yes                        ; 2.62 V                      ; 4.11e-08 V                  ; 2.73 V             ; -0.0566 V          ; 0.191 V                             ; 0.12 V                              ; 2.69e-10 s                 ; 2.76e-10 s                 ; Yes                       ; Yes                       ;
; HEX0[6]       ; 2.5 V        ; 0 s                 ; 0 s                 ; 2.62 V                       ; 4.11e-08 V                   ; 2.73 V              ; -0.0566 V           ; 0.191 V                              ; 0.12 V                               ; 2.69e-10 s                  ; 2.76e-10 s                  ; Yes                        ; Yes                        ; 2.62 V                      ; 4.11e-08 V                  ; 2.73 V             ; -0.0566 V          ; 0.191 V                             ; 0.12 V                              ; 2.69e-10 s                 ; 2.76e-10 s                 ; Yes                       ; Yes                       ;
; HEX0[5]       ; 2.5 V        ; 0 s                 ; 0 s                 ; 2.62 V                       ; 4.11e-08 V                   ; 2.73 V              ; -0.0566 V           ; 0.191 V                              ; 0.12 V                               ; 2.69e-10 s                  ; 2.76e-10 s                  ; Yes                        ; Yes                        ; 2.62 V                      ; 4.11e-08 V                  ; 2.73 V             ; -0.0566 V          ; 0.191 V                             ; 0.12 V                              ; 2.69e-10 s                 ; 2.76e-10 s                 ; Yes                       ; Yes                       ;
; HEX0[4]       ; 2.5 V        ; 0 s                 ; 0 s                 ; 2.62 V                       ; 4.11e-08 V                   ; 2.73 V              ; -0.0566 V           ; 0.191 V                              ; 0.12 V                               ; 2.69e-10 s                  ; 2.76e-10 s                  ; Yes                        ; Yes                        ; 2.62 V                      ; 4.11e-08 V                  ; 2.73 V             ; -0.0566 V          ; 0.191 V                             ; 0.12 V                              ; 2.69e-10 s                 ; 2.76e-10 s                 ; Yes                       ; Yes                       ;
; HEX0[3]       ; 2.5 V        ; 0 s                 ; 0 s                 ; 2.62 V                       ; 4.11e-08 V                   ; 2.73 V              ; -0.0566 V           ; 0.191 V                              ; 0.12 V                               ; 2.69e-10 s                  ; 2.76e-10 s                  ; Yes                        ; Yes                        ; 2.62 V                      ; 4.11e-08 V                  ; 2.73 V             ; -0.0566 V          ; 0.191 V                             ; 0.12 V                              ; 2.69e-10 s                 ; 2.76e-10 s                 ; Yes                       ; Yes                       ;
; HEX0[2]       ; 2.5 V        ; 0 s                 ; 0 s                 ; 2.62 V                       ; 4.11e-08 V                   ; 2.73 V              ; -0.0566 V           ; 0.191 V                              ; 0.12 V                               ; 2.69e-10 s                  ; 2.76e-10 s                  ; Yes                        ; Yes                        ; 2.62 V                      ; 4.11e-08 V                  ; 2.73 V             ; -0.0566 V          ; 0.191 V                             ; 0.12 V                              ; 2.69e-10 s                 ; 2.76e-10 s                 ; Yes                       ; Yes                       ;
; HEX0[1]       ; 2.5 V        ; 0 s                 ; 0 s                 ; 2.62 V                       ; 4.11e-08 V                   ; 2.73 V              ; -0.0566 V           ; 0.191 V                              ; 0.12 V                               ; 2.69e-10 s                  ; 2.76e-10 s                  ; Yes                        ; Yes                        ; 2.62 V                      ; 4.11e-08 V                  ; 2.73 V             ; -0.0566 V          ; 0.191 V                             ; 0.12 V                              ; 2.69e-10 s                 ; 2.76e-10 s                 ; Yes                       ; Yes                       ;
; HEX0[0]       ; 2.5 V        ; 0 s                 ; 0 s                 ; 2.62 V                       ; 4.11e-08 V                   ; 2.73 V              ; -0.0566 V           ; 0.191 V                              ; 0.12 V                               ; 2.69e-10 s                  ; 2.76e-10 s                  ; Yes                        ; Yes                        ; 2.62 V                      ; 4.11e-08 V                  ; 2.73 V             ; -0.0566 V          ; 0.191 V                             ; 0.12 V                              ; 2.69e-10 s                 ; 2.76e-10 s                 ; Yes                       ; Yes                       ;
; ~ALTERA_DCLK~ ; 2.5 V        ; 0 s                 ; 0 s                 ; 2.62 V                       ; 2.22e-08 V                   ; 2.72 V              ; -0.0747 V           ; 0.28 V                               ; 0.169 V                              ; 3.1e-10 s                   ; 3.01e-10 s                  ; No                         ; Yes                        ; 2.62 V                      ; 2.22e-08 V                  ; 2.72 V             ; -0.0747 V          ; 0.28 V                              ; 0.169 V                             ; 3.1e-10 s                  ; 3.01e-10 s                 ; No                        ; Yes                       ;
; ~ALTERA_nCEO~ ; 2.5 V        ; 0 s                 ; 0 s                 ; 2.62 V                       ; 3.53e-08 V                   ; 2.7 V               ; -0.0212 V           ; 0.204 V                              ; 0.049 V                              ; 4.85e-10 s                  ; 6.73e-10 s                  ; No                         ; Yes                        ; 2.62 V                      ; 3.53e-08 V                  ; 2.7 V              ; -0.0212 V          ; 0.204 V                             ; 0.049 V                             ; 4.85e-10 s                 ; 6.73e-10 s                 ; No                        ; Yes                       ;
+---------------+--------------+---------------------+---------------------+------------------------------+------------------------------+---------------------+---------------------+--------------------------------------+--------------------------------------+-----------------------------+-----------------------------+----------------------------+----------------------------+-----------------------------+-----------------------------+--------------------+--------------------+-------------------------------------+-------------------------------------+----------------------------+----------------------------+---------------------------+---------------------------+


-------------------
; Clock Transfers ;
-------------------
Nothing to report.


---------------
; Report TCCS ;
---------------
No dedicated SERDES Transmitter circuitry present in device or used in design


---------------
; Report RSKM ;
---------------
No dedicated SERDES Receiver circuitry present in device or used in design


+------------------------------------------------+
; Unconstrained Paths                            ;
+---------------------------------+-------+------+
; Property                        ; Setup ; Hold ;
+---------------------------------+-------+------+
; Illegal Clocks                  ; 0     ; 0    ;
; Unconstrained Clocks            ; 0     ; 0    ;
; Unconstrained Input Ports       ; 8     ; 8    ;
; Unconstrained Input Port Paths  ; 88    ; 88   ;
; Unconstrained Output Ports      ; 11    ; 11   ;
; Unconstrained Output Port Paths ; 88    ; 88   ;
+---------------------------------+-------+------+


+------------------------------------+
; TimeQuest Timing Analyzer Messages ;
+------------------------------------+
Info: *******************************************************************
Info: Running Quartus II 64-Bit TimeQuest Timing Analyzer
    Info: Version 13.0.1 Build 232 06/12/2013 Service Pack 1 SJ Web Edition
    Info: Processing started: Mon Feb 09 20:52:49 2015
Info: Command: quartus_sta part4 -c part4
Info: qsta_default_script.tcl version: #1
Warning (20028): Parallel compilation is not licensed and has been disabled
Info (21077): Core supply voltage is 1.2V
Info (21077): Low junction temperature is 0 degrees C
Info (21077): High junction temperature is 85 degrees C
Critical Warning (332012): Synopsys Design Constraints File file not found: 'part4.sdc'. A Synopsys Design Constraints File is required by the TimeQuest Timing Analyzer to get proper timing constraints. Without it, the Compiler will not properly optimize the design.
Info (332142): No user constrained base clocks found in the design. Calling "derive_clocks -period 1.0"
Info (332096): The command derive_clocks did not find any clocks to derive.  No clocks were created or changed.
Warning (332068): No clocks defined in design.
Info (332143): No user constrained clock uncertainty found in the design. Calling "derive_clock_uncertainty"
Info (332154): The derive_clock_uncertainty command did not apply clock uncertainty to any clock-to-clock transfers.
Info: Found TIMEQUEST_REPORT_SCRIPT_INCLUDE_DEFAULT_ANALYSIS = ON
Info (332159): No clocks to report
Info: Analyzing Slow 1200mV 85C Model
Info (332140): No fmax paths to report
Info (332140): No Setup paths to report
Info (332140): No Hold paths to report
Info (332140): No Recovery paths to report
Info (332140): No Removal paths to report
Info (332140): No Minimum Pulse Width paths to report
Info: Analyzing Slow 1200mV 0C Model
Info (334003): Started post-fitting delay annotation
Info (334004): Delay annotation completed successfully
Info (332142): No user constrained base clocks found in the design. Calling "derive_clocks -period 1.0"
Info (332096): The command derive_clocks did not find any clocks to derive.  No clocks were created or changed.
Warning (332068): No clocks defined in design.
Info (332154): The derive_clock_uncertainty command did not apply clock uncertainty to any clock-to-clock transfers.
Info (332140): No fmax paths to report
Info (332140): No Setup paths to report
Info (332140): No Hold paths to report
Info (332140): No Recovery paths to report
Info (332140): No Removal paths to report
Info (332140): No Minimum Pulse Width paths to report
Info: Analyzing Fast 1200mV 0C Model
Info (332142): No user constrained base clocks found in the design. Calling "derive_clocks -period 1.0"
Info (332096): The command derive_clocks did not find any clocks to derive.  No clocks were created or changed.
Warning (332068): No clocks defined in design.
Info (332154): The derive_clock_uncertainty command did not apply clock uncertainty to any clock-to-clock transfers.
Info (332140): No Setup paths to report
Info (332140): No Hold paths to report
Info (332140): No Recovery paths to report
Info (332140): No Removal paths to report
Info (332140): No Minimum Pulse Width paths to report
Info (332102): Design is not fully constrained for setup requirements
Info (332102): Design is not fully constrained for hold requirements
Info: Quartus II 64-Bit TimeQuest Timing Analyzer was successful. 0 errors, 5 warnings
    Info: Peak virtual memory: 444 megabytes
    Info: Processing ended: Mon Feb 09 20:52:52 2015
    Info: Elapsed time: 00:00:03
    Info: Total CPU time (on all processors): 00:00:02


